----------------------------------------
Timestamp: 1/25/2017 12:10:53 PM

Message: HandlingInstanceID: 23434bbc-4a83-4727-9110-3f2718522707
An exception of type 'System.NullReferenceException' occurred and was caught.
-----------------------------------------------------------------------------
01/25/2017 17:40:53
Type : System.NullReferenceException, mscorlib, Version=4.0.0.0, Culture=neutral, PublicKeyToken=b77a5c561934e089
Message : Object reference not set to an instance of an object.
Source : Telerik.Sitefinity
Help link : 
Data : System.Collections.ListDictionaryInternal
TargetSite : Void VerifySectionRegistered(System.Type, System.String)
HResult : -2147467261
Stack Trace :    at Telerik.Sitefinity.Configuration.Config.VerifySectionRegistered(Type sectionType, String sectionName)
   at Telerik.Sitefinity.Configuration.Config.GetSectionInternal(Type sectionType, Boolean safeMode, String sectionName)
   at Telerik.Sitefinity.Configuration.Config.GetSectionPrivate(Type sectionType, Boolean safeMode, String sectionName)
   at Telerik.Sitefinity.Configuration.Config.GetSectionPrivate[TSection](Boolean safeMode)
   at Telerik.Sitefinity.Localization.ResourceManager.get_ProvidersSettings()
   at Telerik.Sitefinity.Data.ManagerBase`1.GetProvidersSettings()
   at Telerik.Sitefinity.Data.ManagerBase`1.Initialize()

Additional Info:

MachineName : CIPL-PC146
TimeStamp : 1/25/2017 12:10:53 PM
FullName : Telerik.Sitefinity.Utilities, Version=9.2.6200.0, Culture=neutral, PublicKeyToken=b28c218413bdf563
AppDomainName : /LM/W3SVC/17/ROOT-16-131298196811792116
ThreadIdentity : CYGNET\adkhetani
WindowsIdentity : CYGNET\adkhetani


Category: ErrorLog

Priority: 0

EventId: 90030

Severity: Error

Title:Enterprise Library Exception Handling

Machine: CIPL-PC146

App Domain: /LM/W3SVC/17/ROOT-16-131298196811792116

ProcessId: 5648

Process Name: C:\Program Files (x86)\Microsoft Visual Studio 12.0\Common7\IDE\Microsoft.VisualStudio.Web.Host.exe

Thread Name: 

Win32 ThreadId:1764

Extended Properties: 
----------------------------------------
