----------------------------------------
Timestamp: 1/24/2017 10:14:50 AM

Message: HandlingInstanceID: f9b6cefd-af81-4ee5-bb72-9e28358e9873
An exception of type 'System.Web.HttpException' occurred and was caught.
------------------------------------------------------------------------
01/24/2017 15:44:50
Type : System.Web.HttpException, System.Web, Version=4.0.0.0, Culture=neutral, PublicKeyToken=b03f5f7f11d50a3a
Message : Not found
Source : Telerik.Sitefinity.Frontend
Help link : 
WebEventCode : 0
ErrorCode : -2147467259
Data : System.Collections.ListDictionaryInternal
TargetSite : Void ProcessRequest(System.Web.HttpContext)
HResult : -2147467259
Stack Trace :    at Telerik.Sitefinity.Frontend.Resources.ResourceHttpHandler.ProcessRequest(HttpContext context)
   at System.Web.HttpApplication.CallHandlerExecutionStep.System.Web.HttpApplication.IExecutionStep.Execute()
   at System.Web.HttpApplication.ExecuteStep(IExecutionStep step, Boolean& completedSynchronously)

Additional Info:

MachineName : CIPL-PC146
TimeStamp : 1/24/2017 10:14:50 AM
FullName : Telerik.Sitefinity.Utilities, Version=9.2.6200.0, Culture=neutral, PublicKeyToken=b28c218413bdf563
AppDomainName : /LM/W3SVC/4/ROOT-1-131297264237866612
ThreadIdentity : 
WindowsIdentity : IIS APPPOOL\DemoProject
Requested URL : http://192.192.7.146:1111/Frontend-Assembly/Telerik.Sitefinity.Frontend/assets/dist/js/bootstrap.min.js?package=DemoTemplate


Category: ErrorLog

Priority: 0

EventId: 90000

Severity: Error

Title:Enterprise Library Exception Handling

Machine: CIPL-PC146

App Domain: /LM/W3SVC/4/ROOT-1-131297264237866612

ProcessId: 7016

Process Name: c:\windows\system32\inetsrv\w3wp.exe

Thread Name: 

Win32 ThreadId:5660

Extended Properties: 
----------------------------------------
----------------------------------------
Timestamp: 1/24/2017 10:14:55 AM

Message: HandlingInstanceID: 21a88a91-6f1d-41c7-90e1-da1ae1cb753f
An exception of type 'System.Web.HttpException' occurred and was caught.
------------------------------------------------------------------------
01/24/2017 15:44:55
Type : System.Web.HttpException, System.Web, Version=4.0.0.0, Culture=neutral, PublicKeyToken=b03f5f7f11d50a3a
Message : Not found
Source : Telerik.Sitefinity.Frontend
Help link : 
WebEventCode : 0
ErrorCode : -2147467259
Data : System.Collections.ListDictionaryInternal
TargetSite : Void ProcessRequest(System.Web.HttpContext)
HResult : -2147467259
Stack Trace :    at Telerik.Sitefinity.Frontend.Resources.ResourceHttpHandler.ProcessRequest(HttpContext context)
   at System.Web.HttpApplication.CallHandlerExecutionStep.System.Web.HttpApplication.IExecutionStep.Execute()
   at System.Web.HttpApplication.ExecuteStep(IExecutionStep step, Boolean& completedSynchronously)

Additional Info:

MachineName : CIPL-PC146
TimeStamp : 1/24/2017 10:14:55 AM
FullName : Telerik.Sitefinity.Utilities, Version=9.2.6200.0, Culture=neutral, PublicKeyToken=b28c218413bdf563
AppDomainName : /LM/W3SVC/4/ROOT-1-131297264237866612
ThreadIdentity : 
WindowsIdentity : IIS APPPOOL\DemoProject
Requested URL : http://192.192.7.146:1111/Frontend-Assembly/Telerik.Sitefinity.Frontend/assets/dist/js/bootstrap.min.js?package=DemoTemplate


Category: ErrorLog

Priority: 0

EventId: 90000

Severity: Error

Title:Enterprise Library Exception Handling

Machine: CIPL-PC146

App Domain: /LM/W3SVC/4/ROOT-1-131297264237866612

ProcessId: 7016

Process Name: c:\windows\system32\inetsrv\w3wp.exe

Thread Name: 

Win32 ThreadId:896

Extended Properties: 
----------------------------------------
----------------------------------------
Timestamp: 1/24/2017 10:14:55 AM

Message: HandlingInstanceID: 2794600d-c160-4032-a542-b62c8e668aaa
An exception of type 'System.Web.HttpException' occurred and was caught.
------------------------------------------------------------------------
01/24/2017 15:44:55
Type : System.Web.HttpException, System.Web, Version=4.0.0.0, Culture=neutral, PublicKeyToken=b03f5f7f11d50a3a
Message : Not found
Source : Telerik.Sitefinity.Frontend
Help link : 
WebEventCode : 0
ErrorCode : -2147467259
Data : System.Collections.ListDictionaryInternal
TargetSite : Void ProcessRequest(System.Web.HttpContext)
HResult : -2147467259
Stack Trace :    at Telerik.Sitefinity.Frontend.Resources.ResourceHttpHandler.ProcessRequest(HttpContext context)
   at System.Web.HttpApplication.CallHandlerExecutionStep.System.Web.HttpApplication.IExecutionStep.Execute()
   at System.Web.HttpApplication.ExecuteStep(IExecutionStep step, Boolean& completedSynchronously)

Additional Info:

MachineName : CIPL-PC146
TimeStamp : 1/24/2017 10:14:55 AM
FullName : Telerik.Sitefinity.Utilities, Version=9.2.6200.0, Culture=neutral, PublicKeyToken=b28c218413bdf563
AppDomainName : /LM/W3SVC/4/ROOT-1-131297264237866612
ThreadIdentity : 
WindowsIdentity : IIS APPPOOL\DemoProject
Requested URL : http://192.192.7.146:1111/Frontend-Assembly/Telerik.Sitefinity.Frontend/assets/dist/js/bootstrap.min.js?package=DemoTemplate


Category: ErrorLog

Priority: 0

EventId: 90000

Severity: Error

Title:Enterprise Library Exception Handling

Machine: CIPL-PC146

App Domain: /LM/W3SVC/4/ROOT-1-131297264237866612

ProcessId: 7016

Process Name: c:\windows\system32\inetsrv\w3wp.exe

Thread Name: 

Win32 ThreadId:5660

Extended Properties: 
----------------------------------------
