----------------------------------------
Timestamp: 1/17/2017 10:10:44 AM

Message: HandlingInstanceID: 49245487-ea7e-4eac-85b8-1f3e4492c366
An exception of type 'System.Web.HttpException' occurred and was caught.
------------------------------------------------------------------------
01/17/2017 15:40:44
Type : System.Web.HttpException, System.Web, Version=4.0.0.0, Culture=neutral, PublicKeyToken=b03f5f7f11d50a3a
Message : File does not exist.
Source : System.Web
Help link : 
WebEventCode : 0
ErrorCode : -2147467259
Data : System.Collections.ListDictionaryInternal
TargetSite : Boolean ProcessRequestForNonMapPathBasedVirtualFile(System.Web.HttpRequest, System.Web.HttpResponse, System.String)
HResult : -2147467259
Stack Trace :    at System.Web.StaticFileHandler.ProcessRequestForNonMapPathBasedVirtualFile(HttpRequest request, HttpResponse response, String overrideVirtualPath)
   at System.Web.StaticFileHandler.ProcessRequestInternal(HttpContext context, String overrideVirtualPath)
   at System.Web.DefaultHttpHandler.BeginProcessRequest(HttpContext context, AsyncCallback callback, Object state)
   at System.Web.HttpApplication.CallHandlerExecutionStep.System.Web.HttpApplication.IExecutionStep.Execute()
   at System.Web.HttpApplication.ExecuteStep(IExecutionStep step, Boolean& completedSynchronously)

Additional Info:

MachineName : CIPL-PC146
TimeStamp : 1/17/2017 10:10:44 AM
FullName : Telerik.Sitefinity.Utilities, Version=9.2.6200.0, Culture=neutral, PublicKeyToken=b28c218413bdf563
AppDomainName : 397016c3-6-131291213953655640
ThreadIdentity : abhishekkhetani
WindowsIdentity : CYGNET\adkhetani
Requested URL : http://localhost:6444/DemoProject/appstatus?count=1


Category: ErrorLog

Priority: 0

EventId: 90000

Severity: Error

Title:Enterprise Library Exception Handling

Machine: CIPL-PC146

App Domain: 397016c3-6-131291213953655640

ProcessId: 10332

Process Name: D:\Software\Sitefinity 9.2\SitefinityCMS.exe

Thread Name: 

Win32 ThreadId:6316

Extended Properties: 
----------------------------------------
----------------------------------------
Timestamp: 1/17/2017 10:10:47 AM

Message: HandlingInstanceID: 1996186a-6b5f-413b-9924-510291e5e471
An exception of type 'System.Web.HttpException' occurred and was caught.
------------------------------------------------------------------------
01/17/2017 15:40:47
Type : System.Web.HttpException, System.Web, Version=4.0.0.0, Culture=neutral, PublicKeyToken=b03f5f7f11d50a3a
Message : Not found
Source : Telerik.Sitefinity.Frontend
Help link : 
WebEventCode : 0
ErrorCode : -2147467259
Data : System.Collections.ListDictionaryInternal
TargetSite : Void ProcessRequest(System.Web.HttpContext)
HResult : -2147467259
Stack Trace :    at Telerik.Sitefinity.Frontend.Resources.ResourceHttpHandler.ProcessRequest(HttpContext context)
   at System.Web.HttpApplication.CallHandlerExecutionStep.System.Web.HttpApplication.IExecutionStep.Execute()
   at System.Web.HttpApplication.ExecuteStep(IExecutionStep step, Boolean& completedSynchronously)

Additional Info:

MachineName : CIPL-PC146
TimeStamp : 1/17/2017 10:10:47 AM
FullName : Telerik.Sitefinity.Utilities, Version=9.2.6200.0, Culture=neutral, PublicKeyToken=b28c218413bdf563
AppDomainName : 397016c3-6-131291213953655640
ThreadIdentity : abhishekkhetani
WindowsIdentity : CYGNET\adkhetani
Requested URL : http://localhost:6444/DemoProject/Frontend-Assembly/Telerik.Sitefinity.Frontend/assets/dist/js/bootstrap.min.js?package=DemoTemplate


Category: ErrorLog

Priority: 0

EventId: 90000

Severity: Error

Title:Enterprise Library Exception Handling

Machine: CIPL-PC146

App Domain: 397016c3-6-131291213953655640

ProcessId: 10332

Process Name: D:\Software\Sitefinity 9.2\SitefinityCMS.exe

Thread Name: 

Win32 ThreadId:9892

Extended Properties: 
----------------------------------------
----------------------------------------
Timestamp: 1/17/2017 10:10:47 AM

Message: HandlingInstanceID: e64b40f5-4388-46ac-a76b-4bbb4cd12908
An exception of type 'System.Web.HttpException' occurred and was caught.
------------------------------------------------------------------------
01/17/2017 15:40:47
Type : System.Web.HttpException, System.Web, Version=4.0.0.0, Culture=neutral, PublicKeyToken=b03f5f7f11d50a3a
Message : Not found
Source : Telerik.Sitefinity.Frontend
Help link : 
WebEventCode : 0
ErrorCode : -2147467259
Data : System.Collections.ListDictionaryInternal
TargetSite : Void ProcessRequest(System.Web.HttpContext)
HResult : -2147467259
Stack Trace :    at Telerik.Sitefinity.Frontend.Resources.ResourceHttpHandler.ProcessRequest(HttpContext context)
   at System.Web.HttpApplication.CallHandlerExecutionStep.System.Web.HttpApplication.IExecutionStep.Execute()
   at System.Web.HttpApplication.ExecuteStep(IExecutionStep step, Boolean& completedSynchronously)

Additional Info:

MachineName : CIPL-PC146
TimeStamp : 1/17/2017 10:10:47 AM
FullName : Telerik.Sitefinity.Utilities, Version=9.2.6200.0, Culture=neutral, PublicKeyToken=b28c218413bdf563
AppDomainName : 397016c3-6-131291213953655640
ThreadIdentity : abhishekkhetani
WindowsIdentity : CYGNET\adkhetani
Requested URL : http://localhost:6444/DemoProject/Frontend-Assembly/Telerik.Sitefinity.Frontend/assets/dist/js/bootstrap.min.js?package=DemoTemplate


Category: ErrorLog

Priority: 0

EventId: 90000

Severity: Error

Title:Enterprise Library Exception Handling

Machine: CIPL-PC146

App Domain: 397016c3-6-131291213953655640

ProcessId: 10332

Process Name: D:\Software\Sitefinity 9.2\SitefinityCMS.exe

Thread Name: 

Win32 ThreadId:11244

Extended Properties: 
----------------------------------------
----------------------------------------
Timestamp: 1/17/2017 10:11:03 AM

Message: HandlingInstanceID: d344f43f-2aee-40b8-9b6a-833d7634434e
An exception of type 'System.Web.HttpException' occurred and was caught.
------------------------------------------------------------------------
01/17/2017 15:41:03
Type : System.Web.HttpException, System.Web, Version=4.0.0.0, Culture=neutral, PublicKeyToken=b03f5f7f11d50a3a
Message : Not found
Source : Telerik.Sitefinity.Frontend
Help link : 
WebEventCode : 0
ErrorCode : -2147467259
Data : System.Collections.ListDictionaryInternal
TargetSite : Void ProcessRequest(System.Web.HttpContext)
HResult : -2147467259
Stack Trace :    at Telerik.Sitefinity.Frontend.Resources.ResourceHttpHandler.ProcessRequest(HttpContext context)
   at System.Web.HttpApplication.CallHandlerExecutionStep.System.Web.HttpApplication.IExecutionStep.Execute()
   at System.Web.HttpApplication.ExecuteStep(IExecutionStep step, Boolean& completedSynchronously)

Additional Info:

MachineName : CIPL-PC146
TimeStamp : 1/17/2017 10:11:03 AM
FullName : Telerik.Sitefinity.Utilities, Version=9.2.6200.0, Culture=neutral, PublicKeyToken=b28c218413bdf563
AppDomainName : 397016c3-6-131291213953655640
ThreadIdentity : abhishekkhetani
WindowsIdentity : CYGNET\adkhetani
Requested URL : http://localhost:6444/DemoProject/Frontend-Assembly/Telerik.Sitefinity.Frontend/assets/dist/js/bootstrap.min.js?package=DemoTemplate


Category: ErrorLog

Priority: 0

EventId: 90000

Severity: Error

Title:Enterprise Library Exception Handling

Machine: CIPL-PC146

App Domain: 397016c3-6-131291213953655640

ProcessId: 10332

Process Name: D:\Software\Sitefinity 9.2\SitefinityCMS.exe

Thread Name: 

Win32 ThreadId:5972

Extended Properties: 
----------------------------------------
----------------------------------------
Timestamp: 1/17/2017 10:11:03 AM

Message: HandlingInstanceID: 3ff93175-e3de-445a-af6d-de948c8a030e
An exception of type 'System.Web.HttpException' occurred and was caught.
------------------------------------------------------------------------
01/17/2017 15:41:03
Type : System.Web.HttpException, System.Web, Version=4.0.0.0, Culture=neutral, PublicKeyToken=b03f5f7f11d50a3a
Message : Not found
Source : Telerik.Sitefinity.Frontend
Help link : 
WebEventCode : 0
ErrorCode : -2147467259
Data : System.Collections.ListDictionaryInternal
TargetSite : Void ProcessRequest(System.Web.HttpContext)
HResult : -2147467259
Stack Trace :    at Telerik.Sitefinity.Frontend.Resources.ResourceHttpHandler.ProcessRequest(HttpContext context)
   at System.Web.HttpApplication.CallHandlerExecutionStep.System.Web.HttpApplication.IExecutionStep.Execute()
   at System.Web.HttpApplication.ExecuteStep(IExecutionStep step, Boolean& completedSynchronously)

Additional Info:

MachineName : CIPL-PC146
TimeStamp : 1/17/2017 10:11:03 AM
FullName : Telerik.Sitefinity.Utilities, Version=9.2.6200.0, Culture=neutral, PublicKeyToken=b28c218413bdf563
AppDomainName : 397016c3-6-131291213953655640
ThreadIdentity : abhishekkhetani
WindowsIdentity : CYGNET\adkhetani
Requested URL : http://localhost:6444/DemoProject/Frontend-Assembly/Telerik.Sitefinity.Frontend/assets/dist/js/bootstrap.min.js?package=DemoTemplate


Category: ErrorLog

Priority: 0

EventId: 90000

Severity: Error

Title:Enterprise Library Exception Handling

Machine: CIPL-PC146

App Domain: 397016c3-6-131291213953655640

ProcessId: 10332

Process Name: D:\Software\Sitefinity 9.2\SitefinityCMS.exe

Thread Name: 

Win32 ThreadId:10692

Extended Properties: 
----------------------------------------
----------------------------------------
Timestamp: 1/17/2017 10:11:40 AM

Message: HandlingInstanceID: 0f9769ef-2459-4299-b7e2-55498cea9b9d
An exception of type 'System.Web.HttpException' occurred and was caught.
------------------------------------------------------------------------
01/17/2017 15:41:40
Type : System.Web.HttpException, System.Web, Version=4.0.0.0, Culture=neutral, PublicKeyToken=b03f5f7f11d50a3a
Message : Not found
Source : Telerik.Sitefinity.Frontend
Help link : 
WebEventCode : 0
ErrorCode : -2147467259
Data : System.Collections.ListDictionaryInternal
TargetSite : Void ProcessRequest(System.Web.HttpContext)
HResult : -2147467259
Stack Trace :    at Telerik.Sitefinity.Frontend.Resources.ResourceHttpHandler.ProcessRequest(HttpContext context)
   at System.Web.HttpApplication.CallHandlerExecutionStep.System.Web.HttpApplication.IExecutionStep.Execute()
   at System.Web.HttpApplication.ExecuteStep(IExecutionStep step, Boolean& completedSynchronously)

Additional Info:

MachineName : CIPL-PC146
TimeStamp : 1/17/2017 10:11:40 AM
FullName : Telerik.Sitefinity.Utilities, Version=9.2.6200.0, Culture=neutral, PublicKeyToken=b28c218413bdf563
AppDomainName : 397016c3-6-131291213953655640
ThreadIdentity : abhishekkhetani
WindowsIdentity : CYGNET\adkhetani
Requested URL : http://localhost:6444/DemoProject/Frontend-Assembly/Telerik.Sitefinity.Frontend/assets/dist/js/bootstrap.min.js?package=DemoTemplate


Category: ErrorLog

Priority: 0

EventId: 90000

Severity: Error

Title:Enterprise Library Exception Handling

Machine: CIPL-PC146

App Domain: 397016c3-6-131291213953655640

ProcessId: 10332

Process Name: D:\Software\Sitefinity 9.2\SitefinityCMS.exe

Thread Name: 

Win32 ThreadId:6316

Extended Properties: 
----------------------------------------
----------------------------------------
Timestamp: 1/17/2017 10:11:40 AM

Message: HandlingInstanceID: e918715f-ee66-4039-9ec6-63c0a193aa71
An exception of type 'System.Web.HttpException' occurred and was caught.
------------------------------------------------------------------------
01/17/2017 15:41:40
Type : System.Web.HttpException, System.Web, Version=4.0.0.0, Culture=neutral, PublicKeyToken=b03f5f7f11d50a3a
Message : Not found
Source : Telerik.Sitefinity.Frontend
Help link : 
WebEventCode : 0
ErrorCode : -2147467259
Data : System.Collections.ListDictionaryInternal
TargetSite : Void ProcessRequest(System.Web.HttpContext)
HResult : -2147467259
Stack Trace :    at Telerik.Sitefinity.Frontend.Resources.ResourceHttpHandler.ProcessRequest(HttpContext context)
   at System.Web.HttpApplication.CallHandlerExecutionStep.System.Web.HttpApplication.IExecutionStep.Execute()
   at System.Web.HttpApplication.ExecuteStep(IExecutionStep step, Boolean& completedSynchronously)

Additional Info:

MachineName : CIPL-PC146
TimeStamp : 1/17/2017 10:11:40 AM
FullName : Telerik.Sitefinity.Utilities, Version=9.2.6200.0, Culture=neutral, PublicKeyToken=b28c218413bdf563
AppDomainName : 397016c3-6-131291213953655640
ThreadIdentity : abhishekkhetani
WindowsIdentity : CYGNET\adkhetani
Requested URL : http://localhost:6444/DemoProject/Frontend-Assembly/Telerik.Sitefinity.Frontend/assets/dist/js/bootstrap.min.js?package=DemoTemplate


Category: ErrorLog

Priority: 0

EventId: 90000

Severity: Error

Title:Enterprise Library Exception Handling

Machine: CIPL-PC146

App Domain: 397016c3-6-131291213953655640

ProcessId: 10332

Process Name: D:\Software\Sitefinity 9.2\SitefinityCMS.exe

Thread Name: 

Win32 ThreadId:5972

Extended Properties: 
----------------------------------------
----------------------------------------
Timestamp: 1/17/2017 10:11:43 AM

Message: HandlingInstanceID: 0daa2c7e-e432-47b7-a209-135ea91a9fb4
An exception of type 'System.Web.HttpException' occurred and was caught.
------------------------------------------------------------------------
01/17/2017 15:41:43
Type : System.Web.HttpException, System.Web, Version=4.0.0.0, Culture=neutral, PublicKeyToken=b03f5f7f11d50a3a
Message : Not found
Source : Telerik.Sitefinity.Frontend
Help link : 
WebEventCode : 0
ErrorCode : -2147467259
Data : System.Collections.ListDictionaryInternal
TargetSite : Void ProcessRequest(System.Web.HttpContext)
HResult : -2147467259
Stack Trace :    at Telerik.Sitefinity.Frontend.Resources.ResourceHttpHandler.ProcessRequest(HttpContext context)
   at System.Web.HttpApplication.CallHandlerExecutionStep.System.Web.HttpApplication.IExecutionStep.Execute()
   at System.Web.HttpApplication.ExecuteStep(IExecutionStep step, Boolean& completedSynchronously)

Additional Info:

MachineName : CIPL-PC146
TimeStamp : 1/17/2017 10:11:43 AM
FullName : Telerik.Sitefinity.Utilities, Version=9.2.6200.0, Culture=neutral, PublicKeyToken=b28c218413bdf563
AppDomainName : 397016c3-6-131291213953655640
ThreadIdentity : abhishekkhetani
WindowsIdentity : CYGNET\adkhetani
Requested URL : http://localhost:6444/DemoProject/Frontend-Assembly/Telerik.Sitefinity.Frontend/assets/dist/js/bootstrap.min.js?package=DemoTemplate


Category: ErrorLog

Priority: 0

EventId: 90000

Severity: Error

Title:Enterprise Library Exception Handling

Machine: CIPL-PC146

App Domain: 397016c3-6-131291213953655640

ProcessId: 10332

Process Name: D:\Software\Sitefinity 9.2\SitefinityCMS.exe

Thread Name: 

Win32 ThreadId:5972

Extended Properties: 
----------------------------------------
----------------------------------------
Timestamp: 1/17/2017 10:11:43 AM

Message: HandlingInstanceID: e936f7c4-2100-4c92-bb77-73a8f94d4053
An exception of type 'System.Web.HttpException' occurred and was caught.
------------------------------------------------------------------------
01/17/2017 15:41:43
Type : System.Web.HttpException, System.Web, Version=4.0.0.0, Culture=neutral, PublicKeyToken=b03f5f7f11d50a3a
Message : Not found
Source : Telerik.Sitefinity.Frontend
Help link : 
WebEventCode : 0
ErrorCode : -2147467259
Data : System.Collections.ListDictionaryInternal
TargetSite : Void ProcessRequest(System.Web.HttpContext)
HResult : -2147467259
Stack Trace :    at Telerik.Sitefinity.Frontend.Resources.ResourceHttpHandler.ProcessRequest(HttpContext context)
   at System.Web.HttpApplication.CallHandlerExecutionStep.System.Web.HttpApplication.IExecutionStep.Execute()
   at System.Web.HttpApplication.ExecuteStep(IExecutionStep step, Boolean& completedSynchronously)

Additional Info:

MachineName : CIPL-PC146
TimeStamp : 1/17/2017 10:11:43 AM
FullName : Telerik.Sitefinity.Utilities, Version=9.2.6200.0, Culture=neutral, PublicKeyToken=b28c218413bdf563
AppDomainName : 397016c3-6-131291213953655640
ThreadIdentity : abhishekkhetani
WindowsIdentity : CYGNET\adkhetani
Requested URL : http://localhost:6444/DemoProject/Frontend-Assembly/Telerik.Sitefinity.Frontend/assets/dist/js/bootstrap.min.js?package=DemoTemplate


Category: ErrorLog

Priority: 0

EventId: 90000

Severity: Error

Title:Enterprise Library Exception Handling

Machine: CIPL-PC146

App Domain: 397016c3-6-131291213953655640

ProcessId: 10332

Process Name: D:\Software\Sitefinity 9.2\SitefinityCMS.exe

Thread Name: 

Win32 ThreadId:7968

Extended Properties: 
----------------------------------------
----------------------------------------
Timestamp: 1/17/2017 10:11:44 AM

Message: HandlingInstanceID: 12c9bb07-649e-4d74-9ba8-fd5528221dc6
An exception of type 'System.Web.HttpException' occurred and was caught.
------------------------------------------------------------------------
01/17/2017 15:41:44
Type : System.Web.HttpException, System.Web, Version=4.0.0.0, Culture=neutral, PublicKeyToken=b03f5f7f11d50a3a
Message : Not found
Source : Telerik.Sitefinity.Frontend
Help link : 
WebEventCode : 0
ErrorCode : -2147467259
Data : System.Collections.ListDictionaryInternal
TargetSite : Void ProcessRequest(System.Web.HttpContext)
HResult : -2147467259
Stack Trace :    at Telerik.Sitefinity.Frontend.Resources.ResourceHttpHandler.ProcessRequest(HttpContext context)
   at System.Web.HttpApplication.CallHandlerExecutionStep.System.Web.HttpApplication.IExecutionStep.Execute()
   at System.Web.HttpApplication.ExecuteStep(IExecutionStep step, Boolean& completedSynchronously)

Additional Info:

MachineName : CIPL-PC146
TimeStamp : 1/17/2017 10:11:44 AM
FullName : Telerik.Sitefinity.Utilities, Version=9.2.6200.0, Culture=neutral, PublicKeyToken=b28c218413bdf563
AppDomainName : 397016c3-6-131291213953655640
ThreadIdentity : abhishekkhetani
WindowsIdentity : CYGNET\adkhetani
Requested URL : http://localhost:6444/DemoProject/Frontend-Assembly/Telerik.Sitefinity.Frontend/assets/dist/js/bootstrap.min.js?package=DemoTemplate


Category: ErrorLog

Priority: 0

EventId: 90000

Severity: Error

Title:Enterprise Library Exception Handling

Machine: CIPL-PC146

App Domain: 397016c3-6-131291213953655640

ProcessId: 10332

Process Name: D:\Software\Sitefinity 9.2\SitefinityCMS.exe

Thread Name: 

Win32 ThreadId:11244

Extended Properties: 
----------------------------------------
----------------------------------------
Timestamp: 1/17/2017 10:11:44 AM

Message: HandlingInstanceID: 28580c80-498c-4f76-8035-6e46cf988b9c
An exception of type 'System.Web.HttpException' occurred and was caught.
------------------------------------------------------------------------
01/17/2017 15:41:44
Type : System.Web.HttpException, System.Web, Version=4.0.0.0, Culture=neutral, PublicKeyToken=b03f5f7f11d50a3a
Message : Not found
Source : Telerik.Sitefinity.Frontend
Help link : 
WebEventCode : 0
ErrorCode : -2147467259
Data : System.Collections.ListDictionaryInternal
TargetSite : Void ProcessRequest(System.Web.HttpContext)
HResult : -2147467259
Stack Trace :    at Telerik.Sitefinity.Frontend.Resources.ResourceHttpHandler.ProcessRequest(HttpContext context)
   at System.Web.HttpApplication.CallHandlerExecutionStep.System.Web.HttpApplication.IExecutionStep.Execute()
   at System.Web.HttpApplication.ExecuteStep(IExecutionStep step, Boolean& completedSynchronously)

Additional Info:

MachineName : CIPL-PC146
TimeStamp : 1/17/2017 10:11:44 AM
FullName : Telerik.Sitefinity.Utilities, Version=9.2.6200.0, Culture=neutral, PublicKeyToken=b28c218413bdf563
AppDomainName : 397016c3-6-131291213953655640
ThreadIdentity : abhishekkhetani
WindowsIdentity : CYGNET\adkhetani
Requested URL : http://localhost:6444/DemoProject/Frontend-Assembly/Telerik.Sitefinity.Frontend/assets/dist/js/bootstrap.min.js?package=DemoTemplate


Category: ErrorLog

Priority: 0

EventId: 90000

Severity: Error

Title:Enterprise Library Exception Handling

Machine: CIPL-PC146

App Domain: 397016c3-6-131291213953655640

ProcessId: 10332

Process Name: D:\Software\Sitefinity 9.2\SitefinityCMS.exe

Thread Name: 

Win32 ThreadId:6316

Extended Properties: 
----------------------------------------
----------------------------------------
Timestamp: 1/17/2017 10:12:02 AM

Message: HandlingInstanceID: 529933ff-4aec-4ae7-ad0c-dabe4aec644b
An exception of type 'System.Web.HttpException' occurred and was caught.
------------------------------------------------------------------------
01/17/2017 15:42:02
Type : System.Web.HttpException, System.Web, Version=4.0.0.0, Culture=neutral, PublicKeyToken=b03f5f7f11d50a3a
Message : Not found
Source : Telerik.Sitefinity.Frontend
Help link : 
WebEventCode : 0
ErrorCode : -2147467259
Data : System.Collections.ListDictionaryInternal
TargetSite : Void ProcessRequest(System.Web.HttpContext)
HResult : -2147467259
Stack Trace :    at Telerik.Sitefinity.Frontend.Resources.ResourceHttpHandler.ProcessRequest(HttpContext context)
   at System.Web.HttpApplication.CallHandlerExecutionStep.System.Web.HttpApplication.IExecutionStep.Execute()
   at System.Web.HttpApplication.ExecuteStep(IExecutionStep step, Boolean& completedSynchronously)

Additional Info:

MachineName : CIPL-PC146
TimeStamp : 1/17/2017 10:12:02 AM
FullName : Telerik.Sitefinity.Utilities, Version=9.2.6200.0, Culture=neutral, PublicKeyToken=b28c218413bdf563
AppDomainName : 397016c3-6-131291213953655640
ThreadIdentity : abhishekkhetani
WindowsIdentity : CYGNET\adkhetani
Requested URL : http://localhost:6444/DemoProject/Frontend-Assembly/Telerik.Sitefinity.Frontend/assets/dist/js/bootstrap.min.js?package=DemoTemplate


Category: ErrorLog

Priority: 0

EventId: 90000

Severity: Error

Title:Enterprise Library Exception Handling

Machine: CIPL-PC146

App Domain: 397016c3-6-131291213953655640

ProcessId: 10332

Process Name: D:\Software\Sitefinity 9.2\SitefinityCMS.exe

Thread Name: 

Win32 ThreadId:11244

Extended Properties: 
----------------------------------------
----------------------------------------
Timestamp: 1/17/2017 10:12:02 AM

Message: HandlingInstanceID: 8d787ecf-2d94-4be4-9467-2005c707e026
An exception of type 'System.Web.HttpException' occurred and was caught.
------------------------------------------------------------------------
01/17/2017 15:42:02
Type : System.Web.HttpException, System.Web, Version=4.0.0.0, Culture=neutral, PublicKeyToken=b03f5f7f11d50a3a
Message : Not found
Source : Telerik.Sitefinity.Frontend
Help link : 
WebEventCode : 0
ErrorCode : -2147467259
Data : System.Collections.ListDictionaryInternal
TargetSite : Void ProcessRequest(System.Web.HttpContext)
HResult : -2147467259
Stack Trace :    at Telerik.Sitefinity.Frontend.Resources.ResourceHttpHandler.ProcessRequest(HttpContext context)
   at System.Web.HttpApplication.CallHandlerExecutionStep.System.Web.HttpApplication.IExecutionStep.Execute()
   at System.Web.HttpApplication.ExecuteStep(IExecutionStep step, Boolean& completedSynchronously)

Additional Info:

MachineName : CIPL-PC146
TimeStamp : 1/17/2017 10:12:02 AM
FullName : Telerik.Sitefinity.Utilities, Version=9.2.6200.0, Culture=neutral, PublicKeyToken=b28c218413bdf563
AppDomainName : 397016c3-6-131291213953655640
ThreadIdentity : abhishekkhetani
WindowsIdentity : CYGNET\adkhetani
Requested URL : http://localhost:6444/DemoProject/Frontend-Assembly/Telerik.Sitefinity.Frontend/assets/dist/js/bootstrap.min.js?package=DemoTemplate


Category: ErrorLog

Priority: 0

EventId: 90000

Severity: Error

Title:Enterprise Library Exception Handling

Machine: CIPL-PC146

App Domain: 397016c3-6-131291213953655640

ProcessId: 10332

Process Name: D:\Software\Sitefinity 9.2\SitefinityCMS.exe

Thread Name: 

Win32 ThreadId:11036

Extended Properties: 
----------------------------------------
----------------------------------------
Timestamp: 1/17/2017 10:12:37 AM

Message: HandlingInstanceID: 0bed78bc-98d4-42bd-9ef5-a4a8bf47e430
An exception of type 'System.Web.HttpException' occurred and was caught.
------------------------------------------------------------------------
01/17/2017 15:42:37
Type : System.Web.HttpException, System.Web, Version=4.0.0.0, Culture=neutral, PublicKeyToken=b03f5f7f11d50a3a
Message : Not found
Source : Telerik.Sitefinity.Frontend
Help link : 
WebEventCode : 0
ErrorCode : -2147467259
Data : System.Collections.ListDictionaryInternal
TargetSite : Void ProcessRequest(System.Web.HttpContext)
HResult : -2147467259
Stack Trace :    at Telerik.Sitefinity.Frontend.Resources.ResourceHttpHandler.ProcessRequest(HttpContext context)
   at System.Web.HttpApplication.CallHandlerExecutionStep.System.Web.HttpApplication.IExecutionStep.Execute()
   at System.Web.HttpApplication.ExecuteStep(IExecutionStep step, Boolean& completedSynchronously)

Additional Info:

MachineName : CIPL-PC146
TimeStamp : 1/17/2017 10:12:37 AM
FullName : Telerik.Sitefinity.Utilities, Version=9.2.6200.0, Culture=neutral, PublicKeyToken=b28c218413bdf563
AppDomainName : 397016c3-6-131291213953655640
ThreadIdentity : abhishekkhetani
WindowsIdentity : CYGNET\adkhetani
Requested URL : http://localhost:6444/DemoProject/Frontend-Assembly/Telerik.Sitefinity.Frontend/assets/dist/js/bootstrap.min.js?package=DemoTemplate


Category: ErrorLog

Priority: 0

EventId: 90000

Severity: Error

Title:Enterprise Library Exception Handling

Machine: CIPL-PC146

App Domain: 397016c3-6-131291213953655640

ProcessId: 10332

Process Name: D:\Software\Sitefinity 9.2\SitefinityCMS.exe

Thread Name: 

Win32 ThreadId:8508

Extended Properties: 
----------------------------------------
----------------------------------------
Timestamp: 1/17/2017 10:12:37 AM

Message: HandlingInstanceID: 9eaab8ef-418d-4f6a-a517-babff46f3074
An exception of type 'System.Web.HttpException' occurred and was caught.
------------------------------------------------------------------------
01/17/2017 15:42:37
Type : System.Web.HttpException, System.Web, Version=4.0.0.0, Culture=neutral, PublicKeyToken=b03f5f7f11d50a3a
Message : Not found
Source : Telerik.Sitefinity.Frontend
Help link : 
WebEventCode : 0
ErrorCode : -2147467259
Data : System.Collections.ListDictionaryInternal
TargetSite : Void ProcessRequest(System.Web.HttpContext)
HResult : -2147467259
Stack Trace :    at Telerik.Sitefinity.Frontend.Resources.ResourceHttpHandler.ProcessRequest(HttpContext context)
   at System.Web.HttpApplication.CallHandlerExecutionStep.System.Web.HttpApplication.IExecutionStep.Execute()
   at System.Web.HttpApplication.ExecuteStep(IExecutionStep step, Boolean& completedSynchronously)

Additional Info:

MachineName : CIPL-PC146
TimeStamp : 1/17/2017 10:12:37 AM
FullName : Telerik.Sitefinity.Utilities, Version=9.2.6200.0, Culture=neutral, PublicKeyToken=b28c218413bdf563
AppDomainName : 397016c3-6-131291213953655640
ThreadIdentity : abhishekkhetani
WindowsIdentity : CYGNET\adkhetani
Requested URL : http://localhost:6444/DemoProject/Frontend-Assembly/Telerik.Sitefinity.Frontend/assets/dist/js/bootstrap.min.js?package=DemoTemplate


Category: ErrorLog

Priority: 0

EventId: 90000

Severity: Error

Title:Enterprise Library Exception Handling

Machine: CIPL-PC146

App Domain: 397016c3-6-131291213953655640

ProcessId: 10332

Process Name: D:\Software\Sitefinity 9.2\SitefinityCMS.exe

Thread Name: 

Win32 ThreadId:5972

Extended Properties: 
----------------------------------------
----------------------------------------
Timestamp: 1/17/2017 10:27:24 AM

Message: HandlingInstanceID: 5ca3797a-5b54-4f9a-9b80-a3b70ad2b174
An exception of type 'System.Web.HttpException' occurred and was caught.
------------------------------------------------------------------------
01/17/2017 15:57:24
Type : System.Web.HttpException, System.Web, Version=4.0.0.0, Culture=neutral, PublicKeyToken=b03f5f7f11d50a3a
Message : File does not exist.
Source : System.Web
Help link : 
WebEventCode : 0
ErrorCode : -2147467259
Data : System.Collections.ListDictionaryInternal
TargetSite : Boolean ProcessRequestForNonMapPathBasedVirtualFile(System.Web.HttpRequest, System.Web.HttpResponse, System.String)
HResult : -2147467259
Stack Trace :    at System.Web.StaticFileHandler.ProcessRequestForNonMapPathBasedVirtualFile(HttpRequest request, HttpResponse response, String overrideVirtualPath)
   at System.Web.StaticFileHandler.ProcessRequestInternal(HttpContext context, String overrideVirtualPath)
   at System.Web.DefaultHttpHandler.BeginProcessRequest(HttpContext context, AsyncCallback callback, Object state)
   at System.Web.HttpApplication.CallHandlerExecutionStep.System.Web.HttpApplication.IExecutionStep.Execute()
   at System.Web.HttpApplication.ExecuteStep(IExecutionStep step, Boolean& completedSynchronously)

Additional Info:

MachineName : CIPL-PC146
TimeStamp : 1/17/2017 10:27:24 AM
FullName : Telerik.Sitefinity.Utilities, Version=9.2.6200.0, Culture=neutral, PublicKeyToken=b28c218413bdf563
AppDomainName : 397016c3-6-131291213953655640
ThreadIdentity : abhishekkhetani
WindowsIdentity : CYGNET\adkhetani
Requested URL : http://localhost:6444/DemoProject/home/Action/images/default-source/Project/logo.png?sfvrsn=2


Category: ErrorLog

Priority: 0

EventId: 90000

Severity: Error

Title:Enterprise Library Exception Handling

Machine: CIPL-PC146

App Domain: 397016c3-6-131291213953655640

ProcessId: 10332

Process Name: D:\Software\Sitefinity 9.2\SitefinityCMS.exe

Thread Name: 

Win32 ThreadId:12236

Extended Properties: 
----------------------------------------
----------------------------------------
Timestamp: 1/17/2017 10:27:24 AM

Message: HandlingInstanceID: 39263721-2a0e-4de2-af20-a5635878ff88
An exception of type 'System.Web.HttpException' occurred and was caught.
------------------------------------------------------------------------
01/17/2017 15:57:24
Type : System.Web.HttpException, System.Web, Version=4.0.0.0, Culture=neutral, PublicKeyToken=b03f5f7f11d50a3a
Message : File does not exist.
Source : System.Web
Help link : 
WebEventCode : 0
ErrorCode : -2147467259
Data : System.Collections.ListDictionaryInternal
TargetSite : Boolean ProcessRequestForNonMapPathBasedVirtualFile(System.Web.HttpRequest, System.Web.HttpResponse, System.String)
HResult : -2147467259
Stack Trace :    at System.Web.StaticFileHandler.ProcessRequestForNonMapPathBasedVirtualFile(HttpRequest request, HttpResponse response, String overrideVirtualPath)
   at System.Web.StaticFileHandler.ProcessRequestInternal(HttpContext context, String overrideVirtualPath)
   at System.Web.DefaultHttpHandler.BeginProcessRequest(HttpContext context, AsyncCallback callback, Object state)
   at System.Web.HttpApplication.CallHandlerExecutionStep.System.Web.HttpApplication.IExecutionStep.Execute()
   at System.Web.HttpApplication.ExecuteStep(IExecutionStep step, Boolean& completedSynchronously)

Additional Info:

MachineName : CIPL-PC146
TimeStamp : 1/17/2017 10:27:24 AM
FullName : Telerik.Sitefinity.Utilities, Version=9.2.6200.0, Culture=neutral, PublicKeyToken=b28c218413bdf563
AppDomainName : 397016c3-6-131291213953655640
ThreadIdentity : abhishekkhetani
WindowsIdentity : CYGNET\adkhetani
Requested URL : http://localhost:6444/DemoProject/home/Action/images/default-source/Project/slider/img1.png?sfvrsn=2


Category: ErrorLog

Priority: 0

EventId: 90000

Severity: Error

Title:Enterprise Library Exception Handling

Machine: CIPL-PC146

App Domain: 397016c3-6-131291213953655640

ProcessId: 10332

Process Name: D:\Software\Sitefinity 9.2\SitefinityCMS.exe

Thread Name: 

Win32 ThreadId:4692

Extended Properties: 
----------------------------------------
----------------------------------------
Timestamp: 1/17/2017 10:27:24 AM

Message: HandlingInstanceID: 2cd4b4f2-a361-4ce1-966a-17d1509c8af4
An exception of type 'System.Web.HttpException' occurred and was caught.
------------------------------------------------------------------------
01/17/2017 15:57:24
Type : System.Web.HttpException, System.Web, Version=4.0.0.0, Culture=neutral, PublicKeyToken=b03f5f7f11d50a3a
Message : File does not exist.
Source : System.Web
Help link : 
WebEventCode : 0
ErrorCode : -2147467259
Data : System.Collections.ListDictionaryInternal
TargetSite : Boolean ProcessRequestForNonMapPathBasedVirtualFile(System.Web.HttpRequest, System.Web.HttpResponse, System.String)
HResult : -2147467259
Stack Trace :    at System.Web.StaticFileHandler.ProcessRequestForNonMapPathBasedVirtualFile(HttpRequest request, HttpResponse response, String overrideVirtualPath)
   at System.Web.StaticFileHandler.ProcessRequestInternal(HttpContext context, String overrideVirtualPath)
   at System.Web.DefaultHttpHandler.BeginProcessRequest(HttpContext context, AsyncCallback callback, Object state)
   at System.Web.HttpApplication.CallHandlerExecutionStep.System.Web.HttpApplication.IExecutionStep.Execute()
   at System.Web.HttpApplication.ExecuteStep(IExecutionStep step, Boolean& completedSynchronously)

Additional Info:

MachineName : CIPL-PC146
TimeStamp : 1/17/2017 10:27:24 AM
FullName : Telerik.Sitefinity.Utilities, Version=9.2.6200.0, Culture=neutral, PublicKeyToken=b28c218413bdf563
AppDomainName : 397016c3-6-131291213953655640
ThreadIdentity : abhishekkhetani
WindowsIdentity : CYGNET\adkhetani
Requested URL : http://localhost:6444/DemoProject/home/Action/images/default-source/Project/slider/img2.png?sfvrsn=2


Category: ErrorLog

Priority: 0

EventId: 90000

Severity: Error

Title:Enterprise Library Exception Handling

Machine: CIPL-PC146

App Domain: 397016c3-6-131291213953655640

ProcessId: 10332

Process Name: D:\Software\Sitefinity 9.2\SitefinityCMS.exe

Thread Name: 

Win32 ThreadId:9992

Extended Properties: 
----------------------------------------
----------------------------------------
Timestamp: 1/17/2017 10:27:24 AM

Message: HandlingInstanceID: 1e288f31-08f9-4658-8435-cd9dd7021d87
An exception of type 'System.Web.HttpException' occurred and was caught.
------------------------------------------------------------------------
01/17/2017 15:57:24
Type : System.Web.HttpException, System.Web, Version=4.0.0.0, Culture=neutral, PublicKeyToken=b03f5f7f11d50a3a
Message : File does not exist.
Source : System.Web
Help link : 
WebEventCode : 0
ErrorCode : -2147467259
Data : System.Collections.ListDictionaryInternal
TargetSite : Boolean ProcessRequestForNonMapPathBasedVirtualFile(System.Web.HttpRequest, System.Web.HttpResponse, System.String)
HResult : -2147467259
Stack Trace :    at System.Web.StaticFileHandler.ProcessRequestForNonMapPathBasedVirtualFile(HttpRequest request, HttpResponse response, String overrideVirtualPath)
   at System.Web.StaticFileHandler.ProcessRequestInternal(HttpContext context, String overrideVirtualPath)
   at System.Web.DefaultHttpHandler.BeginProcessRequest(HttpContext context, AsyncCallback callback, Object state)
   at System.Web.HttpApplication.CallHandlerExecutionStep.System.Web.HttpApplication.IExecutionStep.Execute()
   at System.Web.HttpApplication.ExecuteStep(IExecutionStep step, Boolean& completedSynchronously)

Additional Info:

MachineName : CIPL-PC146
TimeStamp : 1/17/2017 10:27:24 AM
FullName : Telerik.Sitefinity.Utilities, Version=9.2.6200.0, Culture=neutral, PublicKeyToken=b28c218413bdf563
AppDomainName : 397016c3-6-131291213953655640
ThreadIdentity : abhishekkhetani
WindowsIdentity : CYGNET\adkhetani
Requested URL : http://localhost:6444/DemoProject/home/Action/images/default-source/Project/slider/img3.png?sfvrsn=2


Category: ErrorLog

Priority: 0

EventId: 90000

Severity: Error

Title:Enterprise Library Exception Handling

Machine: CIPL-PC146

App Domain: 397016c3-6-131291213953655640

ProcessId: 10332

Process Name: D:\Software\Sitefinity 9.2\SitefinityCMS.exe

Thread Name: 

Win32 ThreadId:9944

Extended Properties: 
----------------------------------------
----------------------------------------
Timestamp: 1/17/2017 10:27:24 AM

Message: HandlingInstanceID: 9124a0d2-3d9e-479c-95a0-c018f52bbc4c
An exception of type 'System.Web.HttpException' occurred and was caught.
------------------------------------------------------------------------
01/17/2017 15:57:24
Type : System.Web.HttpException, System.Web, Version=4.0.0.0, Culture=neutral, PublicKeyToken=b03f5f7f11d50a3a
Message : Not found
Source : Telerik.Sitefinity.Frontend
Help link : 
WebEventCode : 0
ErrorCode : -2147467259
Data : System.Collections.ListDictionaryInternal
TargetSite : Void ProcessRequest(System.Web.HttpContext)
HResult : -2147467259
Stack Trace :    at Telerik.Sitefinity.Frontend.Resources.ResourceHttpHandler.ProcessRequest(HttpContext context)
   at System.Web.HttpApplication.CallHandlerExecutionStep.System.Web.HttpApplication.IExecutionStep.Execute()
   at System.Web.HttpApplication.ExecuteStep(IExecutionStep step, Boolean& completedSynchronously)

Additional Info:

MachineName : CIPL-PC146
TimeStamp : 1/17/2017 10:27:24 AM
FullName : Telerik.Sitefinity.Utilities, Version=9.2.6200.0, Culture=neutral, PublicKeyToken=b28c218413bdf563
AppDomainName : 397016c3-6-131291213953655640
ThreadIdentity : abhishekkhetani
WindowsIdentity : CYGNET\adkhetani
Requested URL : http://localhost:6444/DemoProject/Frontend-Assembly/Telerik.Sitefinity.Frontend/assets/dist/js/bootstrap.min.js?package=DemoTemplate


Category: ErrorLog

Priority: 0

EventId: 90000

Severity: Error

Title:Enterprise Library Exception Handling

Machine: CIPL-PC146

App Domain: 397016c3-6-131291213953655640

ProcessId: 10332

Process Name: D:\Software\Sitefinity 9.2\SitefinityCMS.exe

Thread Name: 

Win32 ThreadId:9992

Extended Properties: 
----------------------------------------
----------------------------------------
Timestamp: 1/17/2017 10:27:25 AM

Message: HandlingInstanceID: 2ab09b76-5519-4d3c-b595-c4d586868960
An exception of type 'System.Web.HttpException' occurred and was caught.
------------------------------------------------------------------------
01/17/2017 15:57:25
Type : System.Web.HttpException, System.Web, Version=4.0.0.0, Culture=neutral, PublicKeyToken=b03f5f7f11d50a3a
Message : Not found
Source : Telerik.Sitefinity.Frontend
Help link : 
WebEventCode : 0
ErrorCode : -2147467259
Data : System.Collections.ListDictionaryInternal
TargetSite : Void ProcessRequest(System.Web.HttpContext)
HResult : -2147467259
Stack Trace :    at Telerik.Sitefinity.Frontend.Resources.ResourceHttpHandler.ProcessRequest(HttpContext context)
   at System.Web.HttpApplication.CallHandlerExecutionStep.System.Web.HttpApplication.IExecutionStep.Execute()
   at System.Web.HttpApplication.ExecuteStep(IExecutionStep step, Boolean& completedSynchronously)

Additional Info:

MachineName : CIPL-PC146
TimeStamp : 1/17/2017 10:27:25 AM
FullName : Telerik.Sitefinity.Utilities, Version=9.2.6200.0, Culture=neutral, PublicKeyToken=b28c218413bdf563
AppDomainName : 397016c3-6-131291213953655640
ThreadIdentity : abhishekkhetani
WindowsIdentity : CYGNET\adkhetani
Requested URL : http://localhost:6444/DemoProject/Frontend-Assembly/Telerik.Sitefinity.Frontend/assets/dist/js/bootstrap.min.js?package=DemoTemplate


Category: ErrorLog

Priority: 0

EventId: 90000

Severity: Error

Title:Enterprise Library Exception Handling

Machine: CIPL-PC146

App Domain: 397016c3-6-131291213953655640

ProcessId: 10332

Process Name: D:\Software\Sitefinity 9.2\SitefinityCMS.exe

Thread Name: 

Win32 ThreadId:9944

Extended Properties: 
----------------------------------------
----------------------------------------
Timestamp: 1/17/2017 10:27:25 AM

Message: HandlingInstanceID: 0d3ff7db-e43d-454d-87ef-3491c0dcdf9c
An exception of type 'System.Web.HttpException' occurred and was caught.
------------------------------------------------------------------------
01/17/2017 15:57:25
Type : System.Web.HttpException, System.Web, Version=4.0.0.0, Culture=neutral, PublicKeyToken=b03f5f7f11d50a3a
Message : File does not exist.
Source : System.Web
Help link : 
WebEventCode : 0
ErrorCode : -2147467259
Data : System.Collections.ListDictionaryInternal
TargetSite : Boolean ProcessRequestForNonMapPathBasedVirtualFile(System.Web.HttpRequest, System.Web.HttpResponse, System.String)
HResult : -2147467259
Stack Trace :    at System.Web.StaticFileHandler.ProcessRequestForNonMapPathBasedVirtualFile(HttpRequest request, HttpResponse response, String overrideVirtualPath)
   at System.Web.StaticFileHandler.ProcessRequestInternal(HttpContext context, String overrideVirtualPath)
   at System.Web.DefaultHttpHandler.BeginProcessRequest(HttpContext context, AsyncCallback callback, Object state)
   at System.Web.HttpApplication.CallHandlerExecutionStep.System.Web.HttpApplication.IExecutionStep.Execute()
   at System.Web.HttpApplication.ExecuteStep(IExecutionStep step, Boolean& completedSynchronously)

Additional Info:

MachineName : CIPL-PC146
TimeStamp : 1/17/2017 10:27:25 AM
FullName : Telerik.Sitefinity.Utilities, Version=9.2.6200.0, Culture=neutral, PublicKeyToken=b28c218413bdf563
AppDomainName : 397016c3-6-131291213953655640
ThreadIdentity : abhishekkhetani
WindowsIdentity : CYGNET\adkhetani
Requested URL : http://localhost:6444/DemoProject/home/Action/images/default-source/Project/slider/img1.png?sfvrsn=2


Category: ErrorLog

Priority: 0

EventId: 90000

Severity: Error

Title:Enterprise Library Exception Handling

Machine: CIPL-PC146

App Domain: 397016c3-6-131291213953655640

ProcessId: 10332

Process Name: D:\Software\Sitefinity 9.2\SitefinityCMS.exe

Thread Name: 

Win32 ThreadId:8552

Extended Properties: 
----------------------------------------
----------------------------------------
Timestamp: 1/17/2017 10:27:25 AM

Message: HandlingInstanceID: e660f32e-923a-4e23-8831-3f52dc75d18c
An exception of type 'System.Web.HttpException' occurred and was caught.
------------------------------------------------------------------------
01/17/2017 15:57:25
Type : System.Web.HttpException, System.Web, Version=4.0.0.0, Culture=neutral, PublicKeyToken=b03f5f7f11d50a3a
Message : File does not exist.
Source : System.Web
Help link : 
WebEventCode : 0
ErrorCode : -2147467259
Data : System.Collections.ListDictionaryInternal
TargetSite : Boolean ProcessRequestForNonMapPathBasedVirtualFile(System.Web.HttpRequest, System.Web.HttpResponse, System.String)
HResult : -2147467259
Stack Trace :    at System.Web.StaticFileHandler.ProcessRequestForNonMapPathBasedVirtualFile(HttpRequest request, HttpResponse response, String overrideVirtualPath)
   at System.Web.StaticFileHandler.ProcessRequestInternal(HttpContext context, String overrideVirtualPath)
   at System.Web.DefaultHttpHandler.BeginProcessRequest(HttpContext context, AsyncCallback callback, Object state)
   at System.Web.HttpApplication.CallHandlerExecutionStep.System.Web.HttpApplication.IExecutionStep.Execute()
   at System.Web.HttpApplication.ExecuteStep(IExecutionStep step, Boolean& completedSynchronously)

Additional Info:

MachineName : CIPL-PC146
TimeStamp : 1/17/2017 10:27:25 AM
FullName : Telerik.Sitefinity.Utilities, Version=9.2.6200.0, Culture=neutral, PublicKeyToken=b28c218413bdf563
AppDomainName : 397016c3-6-131291213953655640
ThreadIdentity : abhishekkhetani
WindowsIdentity : CYGNET\adkhetani
Requested URL : http://localhost:6444/DemoProject/home/Action/images/default-source/Project/slider/img2.png?sfvrsn=2


Category: ErrorLog

Priority: 0

EventId: 90000

Severity: Error

Title:Enterprise Library Exception Handling

Machine: CIPL-PC146

App Domain: 397016c3-6-131291213953655640

ProcessId: 10332

Process Name: D:\Software\Sitefinity 9.2\SitefinityCMS.exe

Thread Name: 

Win32 ThreadId:4692

Extended Properties: 
----------------------------------------
----------------------------------------
Timestamp: 1/17/2017 10:27:25 AM

Message: HandlingInstanceID: b0a70bd6-9f7f-4114-bc3a-2ab4270d4103
An exception of type 'System.Web.HttpException' occurred and was caught.
------------------------------------------------------------------------
01/17/2017 15:57:25
Type : System.Web.HttpException, System.Web, Version=4.0.0.0, Culture=neutral, PublicKeyToken=b03f5f7f11d50a3a
Message : File does not exist.
Source : System.Web
Help link : 
WebEventCode : 0
ErrorCode : -2147467259
Data : System.Collections.ListDictionaryInternal
TargetSite : Boolean ProcessRequestForNonMapPathBasedVirtualFile(System.Web.HttpRequest, System.Web.HttpResponse, System.String)
HResult : -2147467259
Stack Trace :    at System.Web.StaticFileHandler.ProcessRequestForNonMapPathBasedVirtualFile(HttpRequest request, HttpResponse response, String overrideVirtualPath)
   at System.Web.StaticFileHandler.ProcessRequestInternal(HttpContext context, String overrideVirtualPath)
   at System.Web.DefaultHttpHandler.BeginProcessRequest(HttpContext context, AsyncCallback callback, Object state)
   at System.Web.HttpApplication.CallHandlerExecutionStep.System.Web.HttpApplication.IExecutionStep.Execute()
   at System.Web.HttpApplication.ExecuteStep(IExecutionStep step, Boolean& completedSynchronously)

Additional Info:

MachineName : CIPL-PC146
TimeStamp : 1/17/2017 10:27:25 AM
FullName : Telerik.Sitefinity.Utilities, Version=9.2.6200.0, Culture=neutral, PublicKeyToken=b28c218413bdf563
AppDomainName : 397016c3-6-131291213953655640
ThreadIdentity : abhishekkhetani
WindowsIdentity : CYGNET\adkhetani
Requested URL : http://localhost:6444/DemoProject/home/Action/images/default-source/Project/slider/img3.png?sfvrsn=2


Category: ErrorLog

Priority: 0

EventId: 90000

Severity: Error

Title:Enterprise Library Exception Handling

Machine: CIPL-PC146

App Domain: 397016c3-6-131291213953655640

ProcessId: 10332

Process Name: D:\Software\Sitefinity 9.2\SitefinityCMS.exe

Thread Name: 

Win32 ThreadId:9944

Extended Properties: 
----------------------------------------
----------------------------------------
Timestamp: 1/17/2017 10:27:25 AM

Message: HandlingInstanceID: e0c5619e-08d9-4661-8039-a9c12e7124a1
An exception of type 'System.Web.HttpException' occurred and was caught.
------------------------------------------------------------------------
01/17/2017 15:57:25
Type : System.Web.HttpException, System.Web, Version=4.0.0.0, Culture=neutral, PublicKeyToken=b03f5f7f11d50a3a
Message : File does not exist.
Source : System.Web
Help link : 
WebEventCode : 0
ErrorCode : -2147467259
Data : System.Collections.ListDictionaryInternal
TargetSite : Boolean ProcessRequestForNonMapPathBasedVirtualFile(System.Web.HttpRequest, System.Web.HttpResponse, System.String)
HResult : -2147467259
Stack Trace :    at System.Web.StaticFileHandler.ProcessRequestForNonMapPathBasedVirtualFile(HttpRequest request, HttpResponse response, String overrideVirtualPath)
   at System.Web.StaticFileHandler.ProcessRequestInternal(HttpContext context, String overrideVirtualPath)
   at System.Web.DefaultHttpHandler.BeginProcessRequest(HttpContext context, AsyncCallback callback, Object state)
   at System.Web.HttpApplication.CallHandlerExecutionStep.System.Web.HttpApplication.IExecutionStep.Execute()
   at System.Web.HttpApplication.ExecuteStep(IExecutionStep step, Boolean& completedSynchronously)

Additional Info:

MachineName : CIPL-PC146
TimeStamp : 1/17/2017 10:27:25 AM
FullName : Telerik.Sitefinity.Utilities, Version=9.2.6200.0, Culture=neutral, PublicKeyToken=b28c218413bdf563
AppDomainName : 397016c3-6-131291213953655640
ThreadIdentity : abhishekkhetani
WindowsIdentity : CYGNET\adkhetani
Requested URL : http://localhost:6444/DemoProject/home/Action/images/default-source/Project/slider/bg3.jpg?sfvrsn=2


Category: ErrorLog

Priority: 0

EventId: 90000

Severity: Error

Title:Enterprise Library Exception Handling

Machine: CIPL-PC146

App Domain: 397016c3-6-131291213953655640

ProcessId: 10332

Process Name: D:\Software\Sitefinity 9.2\SitefinityCMS.exe

Thread Name: 

Win32 ThreadId:4692

Extended Properties: 
----------------------------------------
----------------------------------------
Timestamp: 1/17/2017 10:27:25 AM

Message: HandlingInstanceID: f9b4b3e1-b35f-45f8-9cfd-05b4aea4b5d3
An exception of type 'System.Web.HttpException' occurred and was caught.
------------------------------------------------------------------------
01/17/2017 15:57:25
Type : System.Web.HttpException, System.Web, Version=4.0.0.0, Culture=neutral, PublicKeyToken=b03f5f7f11d50a3a
Message : File does not exist.
Source : System.Web
Help link : 
WebEventCode : 0
ErrorCode : -2147467259
Data : System.Collections.ListDictionaryInternal
TargetSite : Boolean ProcessRequestForNonMapPathBasedVirtualFile(System.Web.HttpRequest, System.Web.HttpResponse, System.String)
HResult : -2147467259
Stack Trace :    at System.Web.StaticFileHandler.ProcessRequestForNonMapPathBasedVirtualFile(HttpRequest request, HttpResponse response, String overrideVirtualPath)
   at System.Web.StaticFileHandler.ProcessRequestInternal(HttpContext context, String overrideVirtualPath)
   at System.Web.DefaultHttpHandler.BeginProcessRequest(HttpContext context, AsyncCallback callback, Object state)
   at System.Web.HttpApplication.CallHandlerExecutionStep.System.Web.HttpApplication.IExecutionStep.Execute()
   at System.Web.HttpApplication.ExecuteStep(IExecutionStep step, Boolean& completedSynchronously)

Additional Info:

MachineName : CIPL-PC146
TimeStamp : 1/17/2017 10:27:25 AM
FullName : Telerik.Sitefinity.Utilities, Version=9.2.6200.0, Culture=neutral, PublicKeyToken=b28c218413bdf563
AppDomainName : 397016c3-6-131291213953655640
ThreadIdentity : abhishekkhetani
WindowsIdentity : CYGNET\adkhetani
Requested URL : http://localhost:6444/DemoProject/home/Action/images/default-source/Project/slider/bg2.jpg?sfvrsn=2


Category: ErrorLog

Priority: 0

EventId: 90000

Severity: Error

Title:Enterprise Library Exception Handling

Machine: CIPL-PC146

App Domain: 397016c3-6-131291213953655640

ProcessId: 10332

Process Name: D:\Software\Sitefinity 9.2\SitefinityCMS.exe

Thread Name: 

Win32 ThreadId:8552

Extended Properties: 
----------------------------------------
----------------------------------------
Timestamp: 1/17/2017 10:27:25 AM

Message: HandlingInstanceID: d85ac206-e377-4d5f-b514-80b362c9823c
An exception of type 'System.Web.HttpException' occurred and was caught.
------------------------------------------------------------------------
01/17/2017 15:57:25
Type : System.Web.HttpException, System.Web, Version=4.0.0.0, Culture=neutral, PublicKeyToken=b03f5f7f11d50a3a
Message : File does not exist.
Source : System.Web
Help link : 
WebEventCode : 0
ErrorCode : -2147467259
Data : System.Collections.ListDictionaryInternal
TargetSite : Boolean ProcessRequestForNonMapPathBasedVirtualFile(System.Web.HttpRequest, System.Web.HttpResponse, System.String)
HResult : -2147467259
Stack Trace :    at System.Web.StaticFileHandler.ProcessRequestForNonMapPathBasedVirtualFile(HttpRequest request, HttpResponse response, String overrideVirtualPath)
   at System.Web.StaticFileHandler.ProcessRequestInternal(HttpContext context, String overrideVirtualPath)
   at System.Web.DefaultHttpHandler.BeginProcessRequest(HttpContext context, AsyncCallback callback, Object state)
   at System.Web.HttpApplication.CallHandlerExecutionStep.System.Web.HttpApplication.IExecutionStep.Execute()
   at System.Web.HttpApplication.ExecuteStep(IExecutionStep step, Boolean& completedSynchronously)

Additional Info:

MachineName : CIPL-PC146
TimeStamp : 1/17/2017 10:27:25 AM
FullName : Telerik.Sitefinity.Utilities, Version=9.2.6200.0, Culture=neutral, PublicKeyToken=b28c218413bdf563
AppDomainName : 397016c3-6-131291213953655640
ThreadIdentity : abhishekkhetani
WindowsIdentity : CYGNET\adkhetani
Requested URL : http://localhost:6444/DemoProject/home/Action/images/default-source/Project/logo.png?sfvrsn=2


Category: ErrorLog

Priority: 0

EventId: 90000

Severity: Error

Title:Enterprise Library Exception Handling

Machine: CIPL-PC146

App Domain: 397016c3-6-131291213953655640

ProcessId: 10332

Process Name: D:\Software\Sitefinity 9.2\SitefinityCMS.exe

Thread Name: 

Win32 ThreadId:12236

Extended Properties: 
----------------------------------------
----------------------------------------
Timestamp: 1/17/2017 10:27:25 AM

Message: HandlingInstanceID: 18664006-74bb-4f46-b2d3-1707540ac09d
An exception of type 'System.Web.HttpException' occurred and was caught.
------------------------------------------------------------------------
01/17/2017 15:57:25
Type : System.Web.HttpException, System.Web, Version=4.0.0.0, Culture=neutral, PublicKeyToken=b03f5f7f11d50a3a
Message : File does not exist.
Source : System.Web
Help link : 
WebEventCode : 0
ErrorCode : -2147467259
Data : System.Collections.ListDictionaryInternal
TargetSite : Boolean ProcessRequestForNonMapPathBasedVirtualFile(System.Web.HttpRequest, System.Web.HttpResponse, System.String)
HResult : -2147467259
Stack Trace :    at System.Web.StaticFileHandler.ProcessRequestForNonMapPathBasedVirtualFile(HttpRequest request, HttpResponse response, String overrideVirtualPath)
   at System.Web.StaticFileHandler.ProcessRequestInternal(HttpContext context, String overrideVirtualPath)
   at System.Web.DefaultHttpHandler.BeginProcessRequest(HttpContext context, AsyncCallback callback, Object state)
   at System.Web.HttpApplication.CallHandlerExecutionStep.System.Web.HttpApplication.IExecutionStep.Execute()
   at System.Web.HttpApplication.ExecuteStep(IExecutionStep step, Boolean& completedSynchronously)

Additional Info:

MachineName : CIPL-PC146
TimeStamp : 1/17/2017 10:27:25 AM
FullName : Telerik.Sitefinity.Utilities, Version=9.2.6200.0, Culture=neutral, PublicKeyToken=b28c218413bdf563
AppDomainName : 397016c3-6-131291213953655640
ThreadIdentity : abhishekkhetani
WindowsIdentity : CYGNET\adkhetani
Requested URL : http://localhost:6444/DemoProject/home/Action/images/default-source/Project/slider/bg1.jpg?sfvrsn=2


Category: ErrorLog

Priority: 0

EventId: 90000

Severity: Error

Title:Enterprise Library Exception Handling

Machine: CIPL-PC146

App Domain: 397016c3-6-131291213953655640

ProcessId: 10332

Process Name: D:\Software\Sitefinity 9.2\SitefinityCMS.exe

Thread Name: 

Win32 ThreadId:9992

Extended Properties: 
----------------------------------------
