----------------------------------------
Timestamp: 1/17/2017 10:38:21 AM

Message: Shutting down threadpool...


----------------------------------------
----------------------------------------
Timestamp: 1/17/2017 10:38:21 AM

Message: Thread pool 'BackgroundTasksService': Shutdown of thread pool completed. All currently running threads will finish their work and stop.


----------------------------------------
----------------------------------------
Timestamp: 1/17/2017 10:38:21 AM

Message: WorkerThread is shut down


----------------------------------------
----------------------------------------
Timestamp: 1/17/2017 10:38:21 AM

Message: WorkerThread is shut down


----------------------------------------
----------------------------------------
Timestamp: 1/17/2017 10:38:21 AM

Message: WorkerThread is shut down


----------------------------------------
----------------------------------------
Timestamp: 1/17/2017 10:38:21 AM

Message: WorkerThread is shut down


----------------------------------------
----------------------------------------
Timestamp: 1/17/2017 10:38:21 AM

Message: Background task scheduler shut down


----------------------------------------
----------------------------------------
Timestamp: 1/17/2017 10:38:51 AM

Message: Shutting down threadpool...


----------------------------------------
----------------------------------------
Timestamp: 1/17/2017 10:38:51 AM

Message: Thread pool 'BackgroundTasksService': Shutdown of thread pool completed. Threads aborted.


----------------------------------------
