----------------------------------------
Timestamp: 1/20/2017 6:44:30 AM

Message: HandlingInstanceID: 1e1d8d5c-8b23-4bca-9730-4928a57cc48b
An exception of type 'System.Web.HttpException' occurred and was caught.
------------------------------------------------------------------------
01/20/2017 12:14:30
Type : System.Web.HttpException, System.Web, Version=4.0.0.0, Culture=neutral, PublicKeyToken=b03f5f7f11d50a3a
Message : Not found
Source : Telerik.Sitefinity.Frontend
Help link : 
WebEventCode : 0
ErrorCode : -2147467259
Data : System.Collections.ListDictionaryInternal
TargetSite : Void ProcessRequest(System.Web.HttpContext)
HResult : -2147467259
Stack Trace :    at Telerik.Sitefinity.Frontend.Resources.ResourceHttpHandler.ProcessRequest(HttpContext context)
   at System.Web.HttpApplication.CallHandlerExecutionStep.System.Web.HttpApplication.IExecutionStep.Execute()
   at System.Web.HttpApplication.ExecuteStep(IExecutionStep step, Boolean& completedSynchronously)

Additional Info:

MachineName : CIPL-PC146
TimeStamp : 1/20/2017 6:44:30 AM
FullName : Telerik.Sitefinity.Utilities, Version=9.2.6200.0, Culture=neutral, PublicKeyToken=b28c218413bdf563
AppDomainName : /LM/W3SVC/4/ROOT-1-131293681704377437
ThreadIdentity : 
WindowsIdentity : IIS APPPOOL\DemoProject
Requested URL : http://192.192.7.146:1111/Frontend-Assembly/Telerik.Sitefinity.Frontend/assets/dist/js/bootstrap.min.js?package=DemoTemplate


Category: ErrorLog

Priority: 0

EventId: 90000

Severity: Error

Title:Enterprise Library Exception Handling

Machine: CIPL-PC146

App Domain: /LM/W3SVC/4/ROOT-1-131293681704377437

ProcessId: 6632

Process Name: c:\windows\system32\inetsrv\w3wp.exe

Thread Name: 

Win32 ThreadId:9628

Extended Properties: 
----------------------------------------
----------------------------------------
Timestamp: 1/20/2017 6:44:30 AM

Message: HandlingInstanceID: b553b085-7e6b-4ca0-aedc-58e84886614f
An exception of type 'System.Web.HttpException' occurred and was caught.
------------------------------------------------------------------------
01/20/2017 12:14:30
Type : System.Web.HttpException, System.Web, Version=4.0.0.0, Culture=neutral, PublicKeyToken=b03f5f7f11d50a3a
Message : Not found
Source : Telerik.Sitefinity.Frontend
Help link : 
WebEventCode : 0
ErrorCode : -2147467259
Data : System.Collections.ListDictionaryInternal
TargetSite : Void ProcessRequest(System.Web.HttpContext)
HResult : -2147467259
Stack Trace :    at Telerik.Sitefinity.Frontend.Resources.ResourceHttpHandler.ProcessRequest(HttpContext context)
   at System.Web.HttpApplication.CallHandlerExecutionStep.System.Web.HttpApplication.IExecutionStep.Execute()
   at System.Web.HttpApplication.ExecuteStep(IExecutionStep step, Boolean& completedSynchronously)

Additional Info:

MachineName : CIPL-PC146
TimeStamp : 1/20/2017 6:44:30 AM
FullName : Telerik.Sitefinity.Utilities, Version=9.2.6200.0, Culture=neutral, PublicKeyToken=b28c218413bdf563
AppDomainName : /LM/W3SVC/4/ROOT-1-131293681704377437
ThreadIdentity : 
WindowsIdentity : IIS APPPOOL\DemoProject
Requested URL : http://192.192.7.146:1111/Frontend-Assembly/Telerik.Sitefinity.Frontend/assets/dist/js/bootstrap.min.js?package=DemoTemplate


Category: ErrorLog

Priority: 0

EventId: 90000

Severity: Error

Title:Enterprise Library Exception Handling

Machine: CIPL-PC146

App Domain: /LM/W3SVC/4/ROOT-1-131293681704377437

ProcessId: 6632

Process Name: c:\windows\system32\inetsrv\w3wp.exe

Thread Name: 

Win32 ThreadId:8800

Extended Properties: 
----------------------------------------
