----------------------------------------
Timestamp: 1/18/2017 9:36:53 AM

Message: HandlingInstanceID: 8df5cb8b-0e9d-4c8b-80c9-b020f043b247
An exception of type 'System.Web.HttpException' occurred and was caught.
------------------------------------------------------------------------
01/18/2017 15:06:53
Type : System.Web.HttpException, System.Web, Version=4.0.0.0, Culture=neutral, PublicKeyToken=b03f5f7f11d50a3a
Message : File does not exist.
Source : System.Web
Help link : 
WebEventCode : 0
ErrorCode : -2147467259
Data : System.Collections.ListDictionaryInternal
TargetSite : Boolean ProcessRequestForNonMapPathBasedVirtualFile(System.Web.HttpRequest, System.Web.HttpResponse, System.String)
HResult : -2147467259
Stack Trace :    at System.Web.StaticFileHandler.ProcessRequestForNonMapPathBasedVirtualFile(HttpRequest request, HttpResponse response, String overrideVirtualPath)
   at System.Web.StaticFileHandler.ProcessRequestInternal(HttpContext context, String overrideVirtualPath)
   at System.Web.DefaultHttpHandler.BeginProcessRequest(HttpContext context, AsyncCallback callback, Object state)
   at System.Web.HttpApplication.CallHandlerExecutionStep.System.Web.HttpApplication.IExecutionStep.Execute()
   at System.Web.HttpApplication.ExecuteStep(IExecutionStep step, Boolean& completedSynchronously)

Additional Info:

MachineName : CIPL-PC146
TimeStamp : 1/18/2017 9:36:53 AM
FullName : Telerik.Sitefinity.Utilities, Version=9.2.6200.0, Culture=neutral, PublicKeyToken=b28c218413bdf563
AppDomainName : 397016c3-9-131292057465842827
ThreadIdentity : 
WindowsIdentity : CYGNET\adkhetani
Requested URL : http://localhost:8238/DemoProject/appstatus?count=1


Category: ErrorLog

Priority: 0

EventId: 90000

Severity: Error

Title:Enterprise Library Exception Handling

Machine: CIPL-PC146

App Domain: 397016c3-9-131292057465842827

ProcessId: 6508

Process Name: D:\Software\Sitefinity 9.2\SitefinityCMS.exe

Thread Name: 

Win32 ThreadId:9640

Extended Properties: 
----------------------------------------
----------------------------------------
Timestamp: 1/18/2017 9:38:17 AM

Message: HandlingInstanceID: f8af4de7-2382-4138-85d1-d05da9d4031b
An exception of type 'System.Web.HttpException' occurred and was caught.
------------------------------------------------------------------------
01/18/2017 15:08:17
Type : System.Web.HttpException, System.Web, Version=4.0.0.0, Culture=neutral, PublicKeyToken=b03f5f7f11d50a3a
Message : File does not exist.
Source : System.Web
Help link : 
WebEventCode : 0
ErrorCode : -2147467259
Data : System.Collections.ListDictionaryInternal
TargetSite : Boolean ProcessRequestForNonMapPathBasedVirtualFile(System.Web.HttpRequest, System.Web.HttpResponse, System.String)
HResult : -2147467259
Stack Trace :    at System.Web.StaticFileHandler.ProcessRequestForNonMapPathBasedVirtualFile(HttpRequest request, HttpResponse response, String overrideVirtualPath)
   at System.Web.StaticFileHandler.ProcessRequestInternal(HttpContext context, String overrideVirtualPath)
   at System.Web.DefaultHttpHandler.BeginProcessRequest(HttpContext context, AsyncCallback callback, Object state)
   at System.Web.HttpApplication.CallHandlerExecutionStep.System.Web.HttpApplication.IExecutionStep.Execute()
   at System.Web.HttpApplication.ExecuteStep(IExecutionStep step, Boolean& completedSynchronously)

Additional Info:

MachineName : CIPL-PC146
TimeStamp : 1/18/2017 9:38:17 AM
FullName : Telerik.Sitefinity.Utilities, Version=9.2.6200.0, Culture=neutral, PublicKeyToken=b28c218413bdf563
AppDomainName : 397016c3-9-131292057465842827
ThreadIdentity : abhishekkhetani
WindowsIdentity : CYGNET\adkhetani
Requested URL : http://localhost:8238/DemoProject/sf-images/default-source/Project/item1.tmb-.png?Status=Master&sfvrsn=1


Category: ErrorLog

Priority: 0

EventId: 90000

Severity: Error

Title:Enterprise Library Exception Handling

Machine: CIPL-PC146

App Domain: 397016c3-9-131292057465842827

ProcessId: 6508

Process Name: D:\Software\Sitefinity 9.2\SitefinityCMS.exe

Thread Name: 

Win32 ThreadId:7544

Extended Properties: 
----------------------------------------
----------------------------------------
Timestamp: 1/18/2017 9:38:35 AM

Message: HandlingInstanceID: 0b5eee65-d47a-47c0-8783-28e008a6fb4c
An exception of type 'System.Web.HttpException' occurred and was caught.
------------------------------------------------------------------------
01/18/2017 15:08:35
Type : System.Web.HttpException, System.Web, Version=4.0.0.0, Culture=neutral, PublicKeyToken=b03f5f7f11d50a3a
Message : File does not exist.
Source : System.Web
Help link : 
WebEventCode : 0
ErrorCode : -2147467259
Data : System.Collections.ListDictionaryInternal
TargetSite : Boolean ProcessRequestForNonMapPathBasedVirtualFile(System.Web.HttpRequest, System.Web.HttpResponse, System.String)
HResult : -2147467259
Stack Trace :    at System.Web.StaticFileHandler.ProcessRequestForNonMapPathBasedVirtualFile(HttpRequest request, HttpResponse response, String overrideVirtualPath)
   at System.Web.StaticFileHandler.ProcessRequestInternal(HttpContext context, String overrideVirtualPath)
   at System.Web.DefaultHttpHandler.BeginProcessRequest(HttpContext context, AsyncCallback callback, Object state)
   at System.Web.HttpApplication.CallHandlerExecutionStep.System.Web.HttpApplication.IExecutionStep.Execute()
   at System.Web.HttpApplication.ExecuteStep(IExecutionStep step, Boolean& completedSynchronously)

Additional Info:

MachineName : CIPL-PC146
TimeStamp : 1/18/2017 9:38:35 AM
FullName : Telerik.Sitefinity.Utilities, Version=9.2.6200.0, Culture=neutral, PublicKeyToken=b28c218413bdf563
AppDomainName : 397016c3-9-131292057465842827
ThreadIdentity : abhishekkhetani
WindowsIdentity : CYGNET\adkhetani
Requested URL : http://localhost:8238/DemoProject/sf-images/default-source/Project/item1.tmb-.png?Status=Master&sfvrsn=1


Category: ErrorLog

Priority: 0

EventId: 90000

Severity: Error

Title:Enterprise Library Exception Handling

Machine: CIPL-PC146

App Domain: 397016c3-9-131292057465842827

ProcessId: 6508

Process Name: D:\Software\Sitefinity 9.2\SitefinityCMS.exe

Thread Name: 

Win32 ThreadId:11804

Extended Properties: 
----------------------------------------
----------------------------------------
Timestamp: 1/18/2017 9:38:40 AM

Message: HandlingInstanceID: eddb5f80-97c7-49dd-a21a-3745077bd6f2
An exception of type 'System.Web.HttpException' occurred and was caught.
------------------------------------------------------------------------
01/18/2017 15:08:40
Type : System.Web.HttpException, System.Web, Version=4.0.0.0, Culture=neutral, PublicKeyToken=b03f5f7f11d50a3a
Message : File does not exist.
Source : System.Web
Help link : 
WebEventCode : 0
ErrorCode : -2147467259
Data : System.Collections.ListDictionaryInternal
TargetSite : Boolean ProcessRequestForNonMapPathBasedVirtualFile(System.Web.HttpRequest, System.Web.HttpResponse, System.String)
HResult : -2147467259
Stack Trace :    at System.Web.StaticFileHandler.ProcessRequestForNonMapPathBasedVirtualFile(HttpRequest request, HttpResponse response, String overrideVirtualPath)
   at System.Web.StaticFileHandler.ProcessRequestInternal(HttpContext context, String overrideVirtualPath)
   at System.Web.DefaultHttpHandler.BeginProcessRequest(HttpContext context, AsyncCallback callback, Object state)
   at System.Web.HttpApplication.CallHandlerExecutionStep.System.Web.HttpApplication.IExecutionStep.Execute()
   at System.Web.HttpApplication.ExecuteStep(IExecutionStep step, Boolean& completedSynchronously)

Additional Info:

MachineName : CIPL-PC146
TimeStamp : 1/18/2017 9:38:40 AM
FullName : Telerik.Sitefinity.Utilities, Version=9.2.6200.0, Culture=neutral, PublicKeyToken=b28c218413bdf563
AppDomainName : 397016c3-9-131292057465842827
ThreadIdentity : abhishekkhetani
WindowsIdentity : CYGNET\adkhetani
Requested URL : http://localhost:8238/DemoProject/sf-images/default-source/Project/item1.tmb-.png?Status=Master&sfvrsn=1


Category: ErrorLog

Priority: 0

EventId: 90000

Severity: Error

Title:Enterprise Library Exception Handling

Machine: CIPL-PC146

App Domain: 397016c3-9-131292057465842827

ProcessId: 6508

Process Name: D:\Software\Sitefinity 9.2\SitefinityCMS.exe

Thread Name: 

Win32 ThreadId:5224

Extended Properties: 
----------------------------------------
----------------------------------------
Timestamp: 1/18/2017 9:38:43 AM

Message: HandlingInstanceID: 452026cc-619d-4e50-93a6-b8e430a6bb2a
An exception of type 'System.Web.HttpException' occurred and was caught.
------------------------------------------------------------------------
01/18/2017 15:08:43
Type : System.Web.HttpException, System.Web, Version=4.0.0.0, Culture=neutral, PublicKeyToken=b03f5f7f11d50a3a
Message : File does not exist.
Source : System.Web
Help link : 
WebEventCode : 0
ErrorCode : -2147467259
Data : System.Collections.ListDictionaryInternal
TargetSite : Boolean ProcessRequestForNonMapPathBasedVirtualFile(System.Web.HttpRequest, System.Web.HttpResponse, System.String)
HResult : -2147467259
Stack Trace :    at System.Web.StaticFileHandler.ProcessRequestForNonMapPathBasedVirtualFile(HttpRequest request, HttpResponse response, String overrideVirtualPath)
   at System.Web.StaticFileHandler.ProcessRequestInternal(HttpContext context, String overrideVirtualPath)
   at System.Web.DefaultHttpHandler.BeginProcessRequest(HttpContext context, AsyncCallback callback, Object state)
   at System.Web.HttpApplication.CallHandlerExecutionStep.System.Web.HttpApplication.IExecutionStep.Execute()
   at System.Web.HttpApplication.ExecuteStep(IExecutionStep step, Boolean& completedSynchronously)

Additional Info:

MachineName : CIPL-PC146
TimeStamp : 1/18/2017 9:38:43 AM
FullName : Telerik.Sitefinity.Utilities, Version=9.2.6200.0, Culture=neutral, PublicKeyToken=b28c218413bdf563
AppDomainName : 397016c3-9-131292057465842827
ThreadIdentity : abhishekkhetani
WindowsIdentity : CYGNET\adkhetani
Requested URL : http://localhost:8238/DemoProject/sf-images/default-source/Project/item1.tmb-.png?Status=Master&sfvrsn=1


Category: ErrorLog

Priority: 0

EventId: 90000

Severity: Error

Title:Enterprise Library Exception Handling

Machine: CIPL-PC146

App Domain: 397016c3-9-131292057465842827

ProcessId: 6508

Process Name: D:\Software\Sitefinity 9.2\SitefinityCMS.exe

Thread Name: 

Win32 ThreadId:7072

Extended Properties: 
----------------------------------------
----------------------------------------
Timestamp: 1/18/2017 9:38:47 AM

Message: HandlingInstanceID: 391bfd9e-c680-41d2-b932-e7ed6376a766
An exception of type 'System.Web.HttpException' occurred and was caught.
------------------------------------------------------------------------
01/18/2017 15:08:47
Type : System.Web.HttpException, System.Web, Version=4.0.0.0, Culture=neutral, PublicKeyToken=b03f5f7f11d50a3a
Message : File does not exist.
Source : System.Web
Help link : 
WebEventCode : 0
ErrorCode : -2147467259
Data : System.Collections.ListDictionaryInternal
TargetSite : Boolean ProcessRequestForNonMapPathBasedVirtualFile(System.Web.HttpRequest, System.Web.HttpResponse, System.String)
HResult : -2147467259
Stack Trace :    at System.Web.StaticFileHandler.ProcessRequestForNonMapPathBasedVirtualFile(HttpRequest request, HttpResponse response, String overrideVirtualPath)
   at System.Web.StaticFileHandler.ProcessRequestInternal(HttpContext context, String overrideVirtualPath)
   at System.Web.DefaultHttpHandler.BeginProcessRequest(HttpContext context, AsyncCallback callback, Object state)
   at System.Web.HttpApplication.CallHandlerExecutionStep.System.Web.HttpApplication.IExecutionStep.Execute()
   at System.Web.HttpApplication.ExecuteStep(IExecutionStep step, Boolean& completedSynchronously)

Additional Info:

MachineName : CIPL-PC146
TimeStamp : 1/18/2017 9:38:47 AM
FullName : Telerik.Sitefinity.Utilities, Version=9.2.6200.0, Culture=neutral, PublicKeyToken=b28c218413bdf563
AppDomainName : 397016c3-9-131292057465842827
ThreadIdentity : abhishekkhetani
WindowsIdentity : CYGNET\adkhetani
Requested URL : http://localhost:8238/DemoProject/sf-images/default-source/Project/item1.tmb-.png?Status=Master&sfvrsn=1


Category: ErrorLog

Priority: 0

EventId: 90000

Severity: Error

Title:Enterprise Library Exception Handling

Machine: CIPL-PC146

App Domain: 397016c3-9-131292057465842827

ProcessId: 6508

Process Name: D:\Software\Sitefinity 9.2\SitefinityCMS.exe

Thread Name: 

Win32 ThreadId:11184

Extended Properties: 
----------------------------------------
----------------------------------------
Timestamp: 1/18/2017 9:39:18 AM

Message: HandlingInstanceID: eb66102f-250f-4c78-8286-a2ac0be208df
An exception of type 'System.Web.HttpException' occurred and was caught.
------------------------------------------------------------------------
01/18/2017 15:09:18
Type : System.Web.HttpException, System.Web, Version=4.0.0.0, Culture=neutral, PublicKeyToken=b03f5f7f11d50a3a
Message : File does not exist.
Source : System.Web
Help link : 
WebEventCode : 0
ErrorCode : -2147467259
Data : System.Collections.ListDictionaryInternal
TargetSite : Boolean ProcessRequestForNonMapPathBasedVirtualFile(System.Web.HttpRequest, System.Web.HttpResponse, System.String)
HResult : -2147467259
Stack Trace :    at System.Web.StaticFileHandler.ProcessRequestForNonMapPathBasedVirtualFile(HttpRequest request, HttpResponse response, String overrideVirtualPath)
   at System.Web.StaticFileHandler.ProcessRequestInternal(HttpContext context, String overrideVirtualPath)
   at System.Web.DefaultHttpHandler.BeginProcessRequest(HttpContext context, AsyncCallback callback, Object state)
   at System.Web.HttpApplication.CallHandlerExecutionStep.System.Web.HttpApplication.IExecutionStep.Execute()
   at System.Web.HttpApplication.ExecuteStep(IExecutionStep step, Boolean& completedSynchronously)

Additional Info:

MachineName : CIPL-PC146
TimeStamp : 1/18/2017 9:39:18 AM
FullName : Telerik.Sitefinity.Utilities, Version=9.2.6200.0, Culture=neutral, PublicKeyToken=b28c218413bdf563
AppDomainName : 397016c3-9-131292057465842827
ThreadIdentity : abhishekkhetani
WindowsIdentity : CYGNET\adkhetani
Requested URL : http://localhost:8238/DemoProject/sf-images/default-source/Project/item1.tmb-.png?sfvrsn=1


Category: ErrorLog

Priority: 0

EventId: 90000

Severity: Error

Title:Enterprise Library Exception Handling

Machine: CIPL-PC146

App Domain: 397016c3-9-131292057465842827

ProcessId: 6508

Process Name: D:\Software\Sitefinity 9.2\SitefinityCMS.exe

Thread Name: 

Win32 ThreadId:7544

Extended Properties: 
----------------------------------------
----------------------------------------
Timestamp: 1/18/2017 9:39:25 AM

Message: HandlingInstanceID: 548c5eb8-6c06-4062-a616-662697d7627b
An exception of type 'System.Web.HttpException' occurred and was caught.
------------------------------------------------------------------------
01/18/2017 15:09:25
Type : System.Web.HttpException, System.Web, Version=4.0.0.0, Culture=neutral, PublicKeyToken=b03f5f7f11d50a3a
Message : File does not exist.
Source : System.Web
Help link : 
WebEventCode : 0
ErrorCode : -2147467259
Data : System.Collections.ListDictionaryInternal
TargetSite : Boolean ProcessRequestForNonMapPathBasedVirtualFile(System.Web.HttpRequest, System.Web.HttpResponse, System.String)
HResult : -2147467259
Stack Trace :    at System.Web.StaticFileHandler.ProcessRequestForNonMapPathBasedVirtualFile(HttpRequest request, HttpResponse response, String overrideVirtualPath)
   at System.Web.StaticFileHandler.ProcessRequestInternal(HttpContext context, String overrideVirtualPath)
   at System.Web.DefaultHttpHandler.BeginProcessRequest(HttpContext context, AsyncCallback callback, Object state)
   at System.Web.HttpApplication.CallHandlerExecutionStep.System.Web.HttpApplication.IExecutionStep.Execute()
   at System.Web.HttpApplication.ExecuteStep(IExecutionStep step, Boolean& completedSynchronously)

Additional Info:

MachineName : CIPL-PC146
TimeStamp : 1/18/2017 9:39:25 AM
FullName : Telerik.Sitefinity.Utilities, Version=9.2.6200.0, Culture=neutral, PublicKeyToken=b28c218413bdf563
AppDomainName : 397016c3-9-131292057465842827
ThreadIdentity : abhishekkhetani
WindowsIdentity : CYGNET\adkhetani
Requested URL : http://localhost:8238/DemoProject/sf-images/default-source/Project/item1.tmb-.png?sfvrsn=1


Category: ErrorLog

Priority: 0

EventId: 90000

Severity: Error

Title:Enterprise Library Exception Handling

Machine: CIPL-PC146

App Domain: 397016c3-9-131292057465842827

ProcessId: 6508

Process Name: D:\Software\Sitefinity 9.2\SitefinityCMS.exe

Thread Name: 

Win32 ThreadId:7544

Extended Properties: 
----------------------------------------
----------------------------------------
Timestamp: 1/18/2017 9:39:56 AM

Message: HandlingInstanceID: 816d18e7-e1d3-45aa-9ff7-464f9d39eeef
An exception of type 'System.Web.HttpException' occurred and was caught.
------------------------------------------------------------------------
01/18/2017 15:09:56
Type : System.Web.HttpException, System.Web, Version=4.0.0.0, Culture=neutral, PublicKeyToken=b03f5f7f11d50a3a
Message : File does not exist.
Source : System.Web
Help link : 
WebEventCode : 0
ErrorCode : -2147467259
Data : System.Collections.ListDictionaryInternal
TargetSite : Boolean ProcessRequestForNonMapPathBasedVirtualFile(System.Web.HttpRequest, System.Web.HttpResponse, System.String)
HResult : -2147467259
Stack Trace :    at System.Web.StaticFileHandler.ProcessRequestForNonMapPathBasedVirtualFile(HttpRequest request, HttpResponse response, String overrideVirtualPath)
   at System.Web.StaticFileHandler.ProcessRequestInternal(HttpContext context, String overrideVirtualPath)
   at System.Web.DefaultHttpHandler.BeginProcessRequest(HttpContext context, AsyncCallback callback, Object state)
   at System.Web.HttpApplication.CallHandlerExecutionStep.System.Web.HttpApplication.IExecutionStep.Execute()
   at System.Web.HttpApplication.ExecuteStep(IExecutionStep step, Boolean& completedSynchronously)

Additional Info:

MachineName : CIPL-PC146
TimeStamp : 1/18/2017 9:39:56 AM
FullName : Telerik.Sitefinity.Utilities, Version=9.2.6200.0, Culture=neutral, PublicKeyToken=b28c218413bdf563
AppDomainName : 397016c3-9-131292057465842827
ThreadIdentity : abhishekkhetani
WindowsIdentity : CYGNET\adkhetani
Requested URL : http://localhost:8238/DemoProject/sf-images/default-source/Project/item1.tmb-.png?sfvrsn=1


Category: ErrorLog

Priority: 0

EventId: 90000

Severity: Error

Title:Enterprise Library Exception Handling

Machine: CIPL-PC146

App Domain: 397016c3-9-131292057465842827

ProcessId: 6508

Process Name: D:\Software\Sitefinity 9.2\SitefinityCMS.exe

Thread Name: 

Win32 ThreadId:11856

Extended Properties: 
----------------------------------------
----------------------------------------
Timestamp: 1/18/2017 9:40:22 AM

Message: HandlingInstanceID: 405f439d-bd5b-4c08-97a3-c18bb6e87a6c
An exception of type 'System.Web.HttpException' occurred and was caught.
------------------------------------------------------------------------
01/18/2017 15:10:22
Type : System.Web.HttpException, System.Web, Version=4.0.0.0, Culture=neutral, PublicKeyToken=b03f5f7f11d50a3a
Message : File does not exist.
Source : System.Web
Help link : 
WebEventCode : 0
ErrorCode : -2147467259
Data : System.Collections.ListDictionaryInternal
TargetSite : Boolean ProcessRequestForNonMapPathBasedVirtualFile(System.Web.HttpRequest, System.Web.HttpResponse, System.String)
HResult : -2147467259
Stack Trace :    at System.Web.StaticFileHandler.ProcessRequestForNonMapPathBasedVirtualFile(HttpRequest request, HttpResponse response, String overrideVirtualPath)
   at System.Web.StaticFileHandler.ProcessRequestInternal(HttpContext context, String overrideVirtualPath)
   at System.Web.DefaultHttpHandler.BeginProcessRequest(HttpContext context, AsyncCallback callback, Object state)
   at System.Web.HttpApplication.CallHandlerExecutionStep.System.Web.HttpApplication.IExecutionStep.Execute()
   at System.Web.HttpApplication.ExecuteStep(IExecutionStep step, Boolean& completedSynchronously)

Additional Info:

MachineName : CIPL-PC146
TimeStamp : 1/18/2017 9:40:22 AM
FullName : Telerik.Sitefinity.Utilities, Version=9.2.6200.0, Culture=neutral, PublicKeyToken=b28c218413bdf563
AppDomainName : 397016c3-9-131292057465842827
ThreadIdentity : abhishekkhetani
WindowsIdentity : CYGNET\adkhetani
Requested URL : http://localhost:8238/DemoProject/sf-images/default-source/Project/item1.tmb-.png?sfvrsn=1


Category: ErrorLog

Priority: 0

EventId: 90000

Severity: Error

Title:Enterprise Library Exception Handling

Machine: CIPL-PC146

App Domain: 397016c3-9-131292057465842827

ProcessId: 6508

Process Name: D:\Software\Sitefinity 9.2\SitefinityCMS.exe

Thread Name: 

Win32 ThreadId:11804

Extended Properties: 
----------------------------------------
----------------------------------------
Timestamp: 1/18/2017 9:40:23 AM

Message: HandlingInstanceID: 1d103eb5-5e70-4eb6-97ad-9e09a0b31894
An exception of type 'Telerik.Sitefinity.Utilities.MS.ServiceModel.Web.WebProtocolException' occurred and was caught.
---------------------------------------------------------------------------------------------------------------------
01/18/2017 15:10:23
Type : Telerik.Sitefinity.Utilities.MS.ServiceModel.Web.WebProtocolException, Telerik.Sitefinity.Utilities, Version=9.2.6200.0, Culture=neutral, PublicKeyToken=b28c218413bdf563
Message : An item with the URL 'seo-marketing' already exists.
Source : Telerik.Sitefinity
Help link : 
StatusCode : InternalServerError
StatusDescription : An item with the URL 'seo-marketing' already exists.
IsDetailXhtml : True
Data : System.Collections.ListDictionaryInternal
TargetSite : Void ThrowDuplicateUrlException(System.String, System.String)
HResult : -2146233087
detailWriterInstance : Telerik.Sitefinity.Utilities.MS.ServiceModel.Web.WebProtocolException+StringDetailWriter
Stack Trace :    at Telerik.Sitefinity.DynamicModules.Web.Services.DataService.ThrowDuplicateUrlException(String messageFormat, String url)
   at Telerik.Sitefinity.DynamicModules.Web.Services.DataService.ValidateUrlExist(DynamicModuleManager manager, DynamicContent dataItem, Type itemType, Guid itemMasterId)
   at Telerik.Sitefinity.DynamicModules.Web.Services.DataService.CheckIfUrlIsValid(DynamicModuleManager manager, DynamicContent dataItem, Type itemType, Guid itemMasterId)
   at Telerik.Sitefinity.DynamicModules.Web.Services.DataService.SaveDataItemInternal(DynamicItemContext dataItem, String itemType, String provider, String workflowOperation, String parentId, String parentType, String newParentId)
   at Telerik.Sitefinity.DynamicModules.Web.Services.DataService.SaveDataItem(DynamicItemContext dataItem, String dataItemId, String provider, String itemType, String workflowOperation)
   at SyncInvokeSaveDataItem(Object , Object[] , Object[] )
   at System.ServiceModel.Dispatcher.SyncMethodInvoker.Invoke(Object instance, Object[] inputs, Object[]& outputs)
   at System.ServiceModel.Dispatcher.DispatchOperationRuntime.InvokeBegin(MessageRpc& rpc)
   at System.ServiceModel.Dispatcher.ImmutableDispatchRuntime.ProcessMessage5(MessageRpc& rpc)
   at System.ServiceModel.Dispatcher.ImmutableDispatchRuntime.ProcessMessage31(MessageRpc& rpc)
   at System.ServiceModel.Dispatcher.MessageRpc.Process(Boolean isOperationContextSet)

Additional Info:

MachineName : CIPL-PC146
TimeStamp : 1/18/2017 9:40:23 AM
FullName : Telerik.Sitefinity.Utilities, Version=9.2.6200.0, Culture=neutral, PublicKeyToken=b28c218413bdf563
AppDomainName : 397016c3-9-131292057465842827
ThreadIdentity : 
WindowsIdentity : CYGNET\adkhetani
Requested URL : http://localhost:8238/DemoProject/Sitefinity/Services/DynamicModules/Data.svc/00000000-0000-0000-0000-000000000000/?itemType=Telerik.Sitefinity.DynamicTypes.Model.Services.abhishekkhetani&providerName=OpenAccessProvider&managerType=Telerik.Sitefinity.DynamicModules.DynamicModuleManager&provider=OpenAccessProvider&workflowOperation=Publish


Category: ErrorLog

Priority: 0

EventId: 90000

Severity: Error

Title:Enterprise Library Exception Handling

Machine: CIPL-PC146

App Domain: 397016c3-9-131292057465842827

ProcessId: 6508

Process Name: D:\Software\Sitefinity 9.2\SitefinityCMS.exe

Thread Name: 

Win32 ThreadId:9640

Extended Properties: Url - seo-marketing

----------------------------------------
----------------------------------------
Timestamp: 1/18/2017 9:41:24 AM

Message: HandlingInstanceID: e4188870-f7ec-4948-a8fd-8ef295f8f7f3
An exception of type 'System.Web.HttpException' occurred and was caught.
------------------------------------------------------------------------
01/18/2017 15:11:24
Type : System.Web.HttpException, System.Web, Version=4.0.0.0, Culture=neutral, PublicKeyToken=b03f5f7f11d50a3a
Message : File does not exist.
Source : System.Web
Help link : 
WebEventCode : 0
ErrorCode : -2147467259
Data : System.Collections.ListDictionaryInternal
TargetSite : Boolean ProcessRequestForNonMapPathBasedVirtualFile(System.Web.HttpRequest, System.Web.HttpResponse, System.String)
HResult : -2147467259
Stack Trace :    at System.Web.StaticFileHandler.ProcessRequestForNonMapPathBasedVirtualFile(HttpRequest request, HttpResponse response, String overrideVirtualPath)
   at System.Web.StaticFileHandler.ProcessRequestInternal(HttpContext context, String overrideVirtualPath)
   at System.Web.DefaultHttpHandler.BeginProcessRequest(HttpContext context, AsyncCallback callback, Object state)
   at System.Web.HttpApplication.CallHandlerExecutionStep.System.Web.HttpApplication.IExecutionStep.Execute()
   at System.Web.HttpApplication.ExecuteStep(IExecutionStep step, Boolean& completedSynchronously)

Additional Info:

MachineName : CIPL-PC146
TimeStamp : 1/18/2017 9:41:24 AM
FullName : Telerik.Sitefinity.Utilities, Version=9.2.6200.0, Culture=neutral, PublicKeyToken=b28c218413bdf563
AppDomainName : 397016c3-9-131292057465842827
ThreadIdentity : abhishekkhetani
WindowsIdentity : CYGNET\adkhetani
Requested URL : http://localhost:8238/DemoProject/sf-images/default-source/Project/item1.tmb-.png?sfvrsn=1


Category: ErrorLog

Priority: 0

EventId: 90000

Severity: Error

Title:Enterprise Library Exception Handling

Machine: CIPL-PC146

App Domain: 397016c3-9-131292057465842827

ProcessId: 6508

Process Name: D:\Software\Sitefinity 9.2\SitefinityCMS.exe

Thread Name: 

Win32 ThreadId:11804

Extended Properties: 
----------------------------------------
----------------------------------------
Timestamp: 1/18/2017 9:42:18 AM

Message: HandlingInstanceID: 2c98da29-52ab-4f1e-ae69-b2e4bb0cb013
An exception of type 'System.Web.HttpException' occurred and was caught.
------------------------------------------------------------------------
01/18/2017 15:12:18
Type : System.Web.HttpException, System.Web, Version=4.0.0.0, Culture=neutral, PublicKeyToken=b03f5f7f11d50a3a
Message : File does not exist.
Source : System.Web
Help link : 
WebEventCode : 0
ErrorCode : -2147467259
Data : System.Collections.ListDictionaryInternal
TargetSite : Boolean ProcessRequestForNonMapPathBasedVirtualFile(System.Web.HttpRequest, System.Web.HttpResponse, System.String)
HResult : -2147467259
Stack Trace :    at System.Web.StaticFileHandler.ProcessRequestForNonMapPathBasedVirtualFile(HttpRequest request, HttpResponse response, String overrideVirtualPath)
   at System.Web.StaticFileHandler.ProcessRequestInternal(HttpContext context, String overrideVirtualPath)
   at System.Web.DefaultHttpHandler.BeginProcessRequest(HttpContext context, AsyncCallback callback, Object state)
   at System.Web.HttpApplication.CallHandlerExecutionStep.System.Web.HttpApplication.IExecutionStep.Execute()
   at System.Web.HttpApplication.ExecuteStep(IExecutionStep step, Boolean& completedSynchronously)

Additional Info:

MachineName : CIPL-PC146
TimeStamp : 1/18/2017 9:42:18 AM
FullName : Telerik.Sitefinity.Utilities, Version=9.2.6200.0, Culture=neutral, PublicKeyToken=b28c218413bdf563
AppDomainName : 397016c3-9-131292057465842827
ThreadIdentity : abhishekkhetani
WindowsIdentity : CYGNET\adkhetani
Requested URL : http://localhost:8238/DemoProject/sf-images/default-source/Project/item1.tmb-.png?sfvrsn=1


Category: ErrorLog

Priority: 0

EventId: 90000

Severity: Error

Title:Enterprise Library Exception Handling

Machine: CIPL-PC146

App Domain: 397016c3-9-131292057465842827

ProcessId: 6508

Process Name: D:\Software\Sitefinity 9.2\SitefinityCMS.exe

Thread Name: 

Win32 ThreadId:9640

Extended Properties: 
----------------------------------------
