----------------------------------------
Timestamp: 1/17/2017 11:59:50 AM

Message: Shutting down threadpool...


----------------------------------------
----------------------------------------
Timestamp: 1/17/2017 11:59:50 AM

Message: Thread pool 'BackgroundTasksService': Shutdown of thread pool completed. All currently running threads will finish their work and stop.


----------------------------------------
----------------------------------------
Timestamp: 1/17/2017 11:59:51 AM

Message: WorkerThread is shut down


----------------------------------------
----------------------------------------
Timestamp: 1/17/2017 11:59:51 AM

Message: WorkerThread is shut down


----------------------------------------
----------------------------------------
Timestamp: 1/17/2017 11:59:51 AM

Message: Background task scheduler shut down


----------------------------------------
----------------------------------------
Timestamp: 1/17/2017 11:59:51 AM

Message: WorkerThread is shut down


----------------------------------------
----------------------------------------
Timestamp: 1/17/2017 11:59:51 AM

Message: WorkerThread is shut down


----------------------------------------
----------------------------------------
Timestamp: 1/17/2017 12:00:21 PM

Message: Shutting down threadpool...


----------------------------------------
----------------------------------------
Timestamp: 1/17/2017 12:00:21 PM

Message: Thread pool 'BackgroundTasksService': Shutdown of thread pool completed. Threads aborted.


----------------------------------------
