----------------------------------------
Timestamp: 1/18/2017 1:22:33 PM

Message: Shutting down threadpool...


----------------------------------------
----------------------------------------
Timestamp: 1/18/2017 1:22:33 PM

Message: Thread pool 'BackgroundTasksService': Shutdown of thread pool completed. All currently running threads will finish their work and stop.


----------------------------------------
----------------------------------------
Timestamp: 1/18/2017 1:22:33 PM

Message: WorkerThread is shut down


----------------------------------------
----------------------------------------
Timestamp: 1/18/2017 1:22:33 PM

Message: Background task scheduler shut down


----------------------------------------
----------------------------------------
Timestamp: 1/18/2017 1:22:33 PM

Message: WorkerThread is shut down


----------------------------------------
----------------------------------------
Timestamp: 1/18/2017 1:22:33 PM

Message: WorkerThread is shut down


----------------------------------------
----------------------------------------
Timestamp: 1/18/2017 1:22:33 PM

Message: WorkerThread is shut down


----------------------------------------
