----------------------------------------
Timestamp: 1/17/2017 4:51:26 AM

Message: Shutting down threadpool...


----------------------------------------
----------------------------------------
Timestamp: 1/17/2017 4:51:26 AM

Message: Thread pool 'BackgroundTasksService': Shutdown of thread pool completed. All currently running threads will finish their work and stop.


----------------------------------------
----------------------------------------
Timestamp: 1/17/2017 4:51:27 AM

Message: WorkerThread is shut down


----------------------------------------
----------------------------------------
Timestamp: 1/17/2017 4:51:27 AM

Message: Background task scheduler shut down


----------------------------------------
----------------------------------------
Timestamp: 1/17/2017 4:51:27 AM

Message: WorkerThread is shut down


----------------------------------------
----------------------------------------
Timestamp: 1/17/2017 4:51:27 AM

Message: WorkerThread is shut down


----------------------------------------
----------------------------------------
Timestamp: 1/17/2017 4:51:28 AM

Message: WorkerThread is shut down


----------------------------------------
----------------------------------------
Timestamp: 1/17/2017 4:51:56 AM

Message: Shutting down threadpool...


----------------------------------------
----------------------------------------
Timestamp: 1/17/2017 4:51:57 AM

Message: Thread pool 'BackgroundTasksService': Shutdown of thread pool completed. Threads aborted.


----------------------------------------
