----------------------------------------
Timestamp: 1/24/2017 8:29:06 AM

Message: HandlingInstanceID: 4e494ca7-f5ae-4af5-a428-dfd0e1dcdb76
An exception of type 'System.Web.HttpException' occurred and was caught.
------------------------------------------------------------------------
01/24/2017 13:59:06
Type : System.Web.HttpException, System.Web, Version=4.0.0.0, Culture=neutral, PublicKeyToken=b03f5f7f11d50a3a
Message : Not found
Source : Telerik.Sitefinity.Frontend
Help link : 
WebEventCode : 0
ErrorCode : -2147467259
Data : System.Collections.ListDictionaryInternal
TargetSite : Void ProcessRequest(System.Web.HttpContext)
HResult : -2147467259
Stack Trace :    at Telerik.Sitefinity.Frontend.Resources.ResourceHttpHandler.ProcessRequest(HttpContext context)
   at System.Web.HttpApplication.CallHandlerExecutionStep.System.Web.HttpApplication.IExecutionStep.Execute()
   at System.Web.HttpApplication.ExecuteStep(IExecutionStep step, Boolean& completedSynchronously)

Additional Info:

MachineName : CIPL-PC146
TimeStamp : 1/24/2017 8:29:06 AM
FullName : Telerik.Sitefinity.Utilities, Version=9.2.6200.0, Culture=neutral, PublicKeyToken=b28c218413bdf563
AppDomainName : /LM/W3SVC/17/ROOT-1-131297199675472213
ThreadIdentity : abhishekkhetani
WindowsIdentity : CYGNET\adkhetani
Requested URL : http://localhost:60876/Frontend-Assembly/Telerik.Sitefinity.Frontend/assets/dist/js/bootstrap.min.js?package=DemoTemplate


Category: ErrorLog

Priority: 0

EventId: 90000

Severity: Error

Title:Enterprise Library Exception Handling

Machine: CIPL-PC146

App Domain: /LM/W3SVC/17/ROOT-1-131297199675472213

ProcessId: 15164

Process Name: C:\Program Files (x86)\IIS Express\iisexpress.exe

Thread Name: 

Win32 ThreadId:11960

Extended Properties: 
----------------------------------------
----------------------------------------
Timestamp: 1/24/2017 8:34:46 AM

Message: HandlingInstanceID: 342bc395-3855-481b-9adb-d3e3d0dc1509
An exception of type 'System.Web.HttpException' occurred and was caught.
------------------------------------------------------------------------
01/24/2017 14:04:46
Type : System.Web.HttpException, System.Web, Version=4.0.0.0, Culture=neutral, PublicKeyToken=b03f5f7f11d50a3a
Message : Not found
Source : Telerik.Sitefinity.Frontend
Help link : 
WebEventCode : 0
ErrorCode : -2147467259
Data : System.Collections.ListDictionaryInternal
TargetSite : Void ProcessRequest(System.Web.HttpContext)
HResult : -2147467259
Stack Trace :    at Telerik.Sitefinity.Frontend.Resources.ResourceHttpHandler.ProcessRequest(HttpContext context)
   at System.Web.HttpApplication.CallHandlerExecutionStep.System.Web.HttpApplication.IExecutionStep.Execute()
   at System.Web.HttpApplication.ExecuteStep(IExecutionStep step, Boolean& completedSynchronously)

Additional Info:

MachineName : CIPL-PC146
TimeStamp : 1/24/2017 8:34:46 AM
FullName : Telerik.Sitefinity.Utilities, Version=9.2.6200.0, Culture=neutral, PublicKeyToken=b28c218413bdf563
AppDomainName : /LM/W3SVC/17/ROOT-1-131297199675472213
ThreadIdentity : abhishekkhetani
WindowsIdentity : CYGNET\adkhetani
Requested URL : http://localhost:60876/Frontend-Assembly/Telerik.Sitefinity.Frontend/assets/dist/js/bootstrap.min.js?package=DemoTemplate


Category: ErrorLog

Priority: 0

EventId: 90000

Severity: Error

Title:Enterprise Library Exception Handling

Machine: CIPL-PC146

App Domain: /LM/W3SVC/17/ROOT-1-131297199675472213

ProcessId: 15164

Process Name: C:\Program Files (x86)\IIS Express\iisexpress.exe

Thread Name: 

Win32 ThreadId:6960

Extended Properties: 
----------------------------------------
----------------------------------------
Timestamp: 1/24/2017 8:34:46 AM

Message: HandlingInstanceID: 79fb1e4c-c8e4-4374-9403-3807349e49b0
An exception of type 'System.Web.HttpException' occurred and was caught.
------------------------------------------------------------------------
01/24/2017 14:04:46
Type : System.Web.HttpException, System.Web, Version=4.0.0.0, Culture=neutral, PublicKeyToken=b03f5f7f11d50a3a
Message : Not found
Source : Telerik.Sitefinity.Frontend
Help link : 
WebEventCode : 0
ErrorCode : -2147467259
Data : System.Collections.ListDictionaryInternal
TargetSite : Void ProcessRequest(System.Web.HttpContext)
HResult : -2147467259
Stack Trace :    at Telerik.Sitefinity.Frontend.Resources.ResourceHttpHandler.ProcessRequest(HttpContext context)
   at System.Web.HttpApplication.CallHandlerExecutionStep.System.Web.HttpApplication.IExecutionStep.Execute()
   at System.Web.HttpApplication.ExecuteStep(IExecutionStep step, Boolean& completedSynchronously)

Additional Info:

MachineName : CIPL-PC146
TimeStamp : 1/24/2017 8:34:46 AM
FullName : Telerik.Sitefinity.Utilities, Version=9.2.6200.0, Culture=neutral, PublicKeyToken=b28c218413bdf563
AppDomainName : /LM/W3SVC/17/ROOT-1-131297199675472213
ThreadIdentity : abhishekkhetani
WindowsIdentity : CYGNET\adkhetani
Requested URL : http://localhost:60876/Frontend-Assembly/Telerik.Sitefinity.Frontend/assets/dist/js/bootstrap.min.js?package=DemoTemplate


Category: ErrorLog

Priority: 0

EventId: 90000

Severity: Error

Title:Enterprise Library Exception Handling

Machine: CIPL-PC146

App Domain: /LM/W3SVC/17/ROOT-1-131297199675472213

ProcessId: 15164

Process Name: C:\Program Files (x86)\IIS Express\iisexpress.exe

Thread Name: 

Win32 ThreadId:12840

Extended Properties: 
----------------------------------------
----------------------------------------
Timestamp: 1/24/2017 8:39:29 AM

Message: HandlingInstanceID: 86513919-7650-4ace-ad06-037a50277405
An exception of type 'System.Web.HttpException' occurred and was caught.
------------------------------------------------------------------------
01/24/2017 14:09:29
Type : System.Web.HttpException, System.Web, Version=4.0.0.0, Culture=neutral, PublicKeyToken=b03f5f7f11d50a3a
Message : Not found
Source : Telerik.Sitefinity.Frontend
Help link : 
WebEventCode : 0
ErrorCode : -2147467259
Data : System.Collections.ListDictionaryInternal
TargetSite : Void ProcessRequest(System.Web.HttpContext)
HResult : -2147467259
Stack Trace :    at Telerik.Sitefinity.Frontend.Resources.ResourceHttpHandler.ProcessRequest(HttpContext context)
   at System.Web.HttpApplication.CallHandlerExecutionStep.System.Web.HttpApplication.IExecutionStep.Execute()
   at System.Web.HttpApplication.ExecuteStep(IExecutionStep step, Boolean& completedSynchronously)

Additional Info:

MachineName : CIPL-PC146
TimeStamp : 1/24/2017 8:39:29 AM
FullName : Telerik.Sitefinity.Utilities, Version=9.2.6200.0, Culture=neutral, PublicKeyToken=b28c218413bdf563
AppDomainName : /LM/W3SVC/17/ROOT-1-131297199675472213
ThreadIdentity : abhishekkhetani
WindowsIdentity : CYGNET\adkhetani
Requested URL : http://localhost:60876/Frontend-Assembly/Telerik.Sitefinity.Frontend/assets/dist/js/bootstrap.min.js?package=DemoTemplate


Category: ErrorLog

Priority: 0

EventId: 90000

Severity: Error

Title:Enterprise Library Exception Handling

Machine: CIPL-PC146

App Domain: /LM/W3SVC/17/ROOT-1-131297199675472213

ProcessId: 15164

Process Name: C:\Program Files (x86)\IIS Express\iisexpress.exe

Thread Name: 

Win32 ThreadId:15492

Extended Properties: 
----------------------------------------
