----------------------------------------
Timestamp: 1/24/2017 6:49:42 AM

Message: HandlingInstanceID: 6f4c9c0d-9b89-4c4a-8a77-627045735390
An exception of type 'System.Web.HttpException' occurred and was caught.
------------------------------------------------------------------------
01/24/2017 12:19:42
Type : System.Web.HttpException, System.Web, Version=4.0.0.0, Culture=neutral, PublicKeyToken=b03f5f7f11d50a3a
Message : Not found
Source : Telerik.Sitefinity.Frontend
Help link : 
WebEventCode : 0
ErrorCode : -2147467259
Data : System.Collections.ListDictionaryInternal
TargetSite : Void ProcessRequest(System.Web.HttpContext)
HResult : -2147467259
Stack Trace :    at Telerik.Sitefinity.Frontend.Resources.ResourceHttpHandler.ProcessRequest(HttpContext context)
   at System.Web.HttpApplication.CallHandlerExecutionStep.System.Web.HttpApplication.IExecutionStep.Execute()
   at System.Web.HttpApplication.ExecuteStep(IExecutionStep step, Boolean& completedSynchronously)

Additional Info:

MachineName : CIPL-PC146
TimeStamp : 1/24/2017 6:49:42 AM
FullName : Telerik.Sitefinity.Utilities, Version=9.2.6200.0, Culture=neutral, PublicKeyToken=b28c218413bdf563
AppDomainName : /LM/W3SVC/4/ROOT-1-131297140698939151
ThreadIdentity : 
WindowsIdentity : IIS APPPOOL\DemoProject
Requested URL : http://192.192.7.146:1111/Frontend-Assembly/Telerik.Sitefinity.Frontend/assets/dist/js/bootstrap.min.js?package=DemoTemplate


Category: ErrorLog

Priority: 0

EventId: 90000

Severity: Error

Title:Enterprise Library Exception Handling

Machine: CIPL-PC146

App Domain: /LM/W3SVC/4/ROOT-1-131297140698939151

ProcessId: 1936

Process Name: c:\windows\system32\inetsrv\w3wp.exe

Thread Name: 

Win32 ThreadId:15544

Extended Properties: 
----------------------------------------
----------------------------------------
Timestamp: 1/24/2017 7:01:34 AM

Message: HandlingInstanceID: deba7dbe-52ad-43ad-b400-3b234764d3b3
An exception of type 'System.Web.HttpException' occurred and was caught.
------------------------------------------------------------------------
01/24/2017 12:31:34
Type : System.Web.HttpException, System.Web, Version=4.0.0.0, Culture=neutral, PublicKeyToken=b03f5f7f11d50a3a
Message : Not found
Source : Telerik.Sitefinity.Frontend
Help link : 
WebEventCode : 0
ErrorCode : -2147467259
Data : System.Collections.ListDictionaryInternal
TargetSite : Void ProcessRequest(System.Web.HttpContext)
HResult : -2147467259
Stack Trace :    at Telerik.Sitefinity.Frontend.Resources.ResourceHttpHandler.ProcessRequest(HttpContext context)
   at System.Web.HttpApplication.CallHandlerExecutionStep.System.Web.HttpApplication.IExecutionStep.Execute()
   at System.Web.HttpApplication.ExecuteStep(IExecutionStep step, Boolean& completedSynchronously)

Additional Info:

MachineName : CIPL-PC146
TimeStamp : 1/24/2017 7:01:34 AM
FullName : Telerik.Sitefinity.Utilities, Version=9.2.6200.0, Culture=neutral, PublicKeyToken=b28c218413bdf563
AppDomainName : /LM/W3SVC/4/ROOT-1-131297140698939151
ThreadIdentity : 
WindowsIdentity : IIS APPPOOL\DemoProject
Requested URL : http://192.192.7.146:1111/Frontend-Assembly/Telerik.Sitefinity.Frontend/assets/dist/js/bootstrap.min.js?package=DemoTemplate


Category: ErrorLog

Priority: 0

EventId: 90000

Severity: Error

Title:Enterprise Library Exception Handling

Machine: CIPL-PC146

App Domain: /LM/W3SVC/4/ROOT-1-131297140698939151

ProcessId: 1936

Process Name: c:\windows\system32\inetsrv\w3wp.exe

Thread Name: 

Win32 ThreadId:10692

Extended Properties: 
----------------------------------------
----------------------------------------
Timestamp: 1/24/2017 7:01:35 AM

Message: HandlingInstanceID: f357fbd3-9d43-487f-ba2f-7248e5fb1ae5
An exception of type 'System.Web.HttpException' occurred and was caught.
------------------------------------------------------------------------
01/24/2017 12:31:35
Type : System.Web.HttpException, System.Web, Version=4.0.0.0, Culture=neutral, PublicKeyToken=b03f5f7f11d50a3a
Message : Not found
Source : Telerik.Sitefinity.Frontend
Help link : 
WebEventCode : 0
ErrorCode : -2147467259
Data : System.Collections.ListDictionaryInternal
TargetSite : Void ProcessRequest(System.Web.HttpContext)
HResult : -2147467259
Stack Trace :    at Telerik.Sitefinity.Frontend.Resources.ResourceHttpHandler.ProcessRequest(HttpContext context)
   at System.Web.HttpApplication.CallHandlerExecutionStep.System.Web.HttpApplication.IExecutionStep.Execute()
   at System.Web.HttpApplication.ExecuteStep(IExecutionStep step, Boolean& completedSynchronously)

Additional Info:

MachineName : CIPL-PC146
TimeStamp : 1/24/2017 7:01:35 AM
FullName : Telerik.Sitefinity.Utilities, Version=9.2.6200.0, Culture=neutral, PublicKeyToken=b28c218413bdf563
AppDomainName : /LM/W3SVC/4/ROOT-1-131297140698939151
ThreadIdentity : 
WindowsIdentity : IIS APPPOOL\DemoProject
Requested URL : http://192.192.7.146:1111/Frontend-Assembly/Telerik.Sitefinity.Frontend/assets/dist/js/bootstrap.min.js?package=DemoTemplate


Category: ErrorLog

Priority: 0

EventId: 90000

Severity: Error

Title:Enterprise Library Exception Handling

Machine: CIPL-PC146

App Domain: /LM/W3SVC/4/ROOT-1-131297140698939151

ProcessId: 1936

Process Name: c:\windows\system32\inetsrv\w3wp.exe

Thread Name: 

Win32 ThreadId:12852

Extended Properties: 
----------------------------------------
