----------------------------------------
Timestamp: 1/31/2017 1:51:01 PM

Message: Notification service: Failed to send notification message for Account: ThisApplicationKey, Module: Forms, with messageJobId: '47c89d42-5798-6797-8b2a-ff00001bc13f' Error: System.Net.Mail.SmtpException: Failure sending mail. ---> System.Net.WebException: The remote name could not be resolved: 'smtp.cygnet-infotech.com'
   at System.Net.ServicePoint.GetConnection(PooledStream PooledStream, Object owner, Boolean async, IPAddress& address, Socket& abortSocket, Socket& abortSocket6)
   at System.Net.PooledStream.Activate(Object owningObject, Boolean async, GeneralAsyncDelegate asyncCallback)
   at System.Net.ConnectionPool.GetConnection(Object owningObject, GeneralAsyncDelegate asyncCallback, Int32 creationTimeout)
   at System.Net.Mail.SmtpConnection.GetConnection(ServicePoint servicePoint)
   at System.Net.Mail.SmtpClient.Send(MailMessage message)
   --- End of inner exception stack trace ---
   at System.Net.Mail.SmtpClient.Send(MailMessage message)
   at Telerik.Sitefinity.Services.Notifications.Smtp.SmtpSender.SendMessage(IMessageInfo messageInfo, ISubscriberRequest subscriber)


----------------------------------------
----------------------------------------
Timestamp: 1/31/2017 2:12:36 PM

Message: Shutting down threadpool...


----------------------------------------
----------------------------------------
Timestamp: 1/31/2017 2:12:37 PM

Message: Thread pool 'BackgroundTasksService': Shutdown of thread pool completed. All currently running threads will finish their work and stop.


----------------------------------------
----------------------------------------
Timestamp: 1/31/2017 2:12:37 PM

Message: WorkerThread is shut down


----------------------------------------
----------------------------------------
Timestamp: 1/31/2017 2:12:37 PM

Message: WorkerThread is shut down


----------------------------------------
----------------------------------------
Timestamp: 1/31/2017 2:12:37 PM

Message: WorkerThread is shut down


----------------------------------------
----------------------------------------
Timestamp: 1/31/2017 2:12:37 PM

Message: Background task scheduler shut down


----------------------------------------
----------------------------------------
Timestamp: 1/31/2017 2:12:37 PM

Message: WorkerThread is shut down


----------------------------------------
----------------------------------------
Timestamp: 1/31/2017 2:13:07 PM

Message: Shutting down threadpool...


----------------------------------------
----------------------------------------
Timestamp: 1/31/2017 2:13:07 PM

Message: Thread pool 'BackgroundTasksService': Shutdown of thread pool completed. Threads aborted.


----------------------------------------
