----------------------------------------
Timestamp: 1/25/2017 11:39:06 AM

Message: Shutting down threadpool...


----------------------------------------
----------------------------------------
Timestamp: 1/25/2017 11:39:06 AM

Message: Thread pool 'BackgroundTasksService': Shutdown of thread pool completed. All currently running threads will finish their work and stop.


----------------------------------------
----------------------------------------
Timestamp: 1/25/2017 11:39:06 AM

Message: Background task scheduler shut down


----------------------------------------
----------------------------------------
Timestamp: 1/25/2017 11:39:06 AM

Message: WorkerThread is shut down


----------------------------------------
----------------------------------------
Timestamp: 1/25/2017 11:39:06 AM

Message: WorkerThread is shut down


----------------------------------------
----------------------------------------
Timestamp: 1/25/2017 11:39:06 AM

Message: WorkerThread is shut down


----------------------------------------
----------------------------------------
Timestamp: 1/25/2017 11:39:06 AM

Message: WorkerThread is shut down


----------------------------------------
----------------------------------------
Timestamp: 1/25/2017 11:39:36 AM

Message: Shutting down threadpool...


----------------------------------------
----------------------------------------
Timestamp: 1/25/2017 11:39:36 AM

Message: Thread pool 'BackgroundTasksService': Shutdown of thread pool completed. Threads aborted.


----------------------------------------
