----------------------------------------
Timestamp: 1/17/2017 5:59:36 AM

Message: Shutting down threadpool...


----------------------------------------
----------------------------------------
Timestamp: 1/17/2017 5:59:36 AM

Message: Thread pool 'BackgroundTasksService': Shutdown of thread pool completed. All currently running threads will finish their work and stop.


----------------------------------------
----------------------------------------
Timestamp: 1/17/2017 5:59:36 AM

Message: WorkerThread is shut down


----------------------------------------
----------------------------------------
Timestamp: 1/17/2017 5:59:36 AM

Message: WorkerThread is shut down


----------------------------------------
----------------------------------------
Timestamp: 1/17/2017 5:59:36 AM

Message: WorkerThread is shut down


----------------------------------------
----------------------------------------
Timestamp: 1/17/2017 5:59:36 AM

Message: WorkerThread is shut down


----------------------------------------
----------------------------------------
Timestamp: 1/17/2017 5:59:36 AM

Message: Background task scheduler shut down


----------------------------------------
----------------------------------------
Timestamp: 1/17/2017 6:00:06 AM

Message: Shutting down threadpool...


----------------------------------------
----------------------------------------
Timestamp: 1/17/2017 6:00:06 AM

Message: Thread pool 'BackgroundTasksService': Shutdown of thread pool completed. Threads aborted.


----------------------------------------
----------------------------------------
Timestamp: 1/17/2017 6:47:29 AM

Message: Shutting down threadpool...


----------------------------------------
----------------------------------------
Timestamp: 1/17/2017 6:47:29 AM

Message: Thread pool 'BackgroundTasksService': Shutdown of thread pool completed. All currently running threads will finish their work and stop.


----------------------------------------
----------------------------------------
Timestamp: 1/17/2017 6:47:29 AM

Message: WorkerThread is shut down


----------------------------------------
----------------------------------------
Timestamp: 1/17/2017 6:47:30 AM

Message: WorkerThread is shut down


----------------------------------------
----------------------------------------
Timestamp: 1/17/2017 6:47:30 AM

Message: WorkerThread is shut down


----------------------------------------
----------------------------------------
Timestamp: 1/17/2017 6:47:30 AM

Message: Background task scheduler shut down


----------------------------------------
----------------------------------------
Timestamp: 1/17/2017 6:47:30 AM

Message: WorkerThread is shut down


----------------------------------------
----------------------------------------
Timestamp: 1/17/2017 6:47:59 AM

Message: Shutting down threadpool...


----------------------------------------
----------------------------------------
Timestamp: 1/17/2017 6:47:59 AM

Message: Thread pool 'BackgroundTasksService': Shutdown of thread pool completed. Threads aborted.


----------------------------------------
----------------------------------------
Timestamp: 1/17/2017 8:21:11 AM

Message: Shutting down threadpool...


----------------------------------------
----------------------------------------
Timestamp: 1/17/2017 8:21:11 AM

Message: Thread pool 'BackgroundTasksService': Shutdown of thread pool completed. All currently running threads will finish their work and stop.


----------------------------------------
----------------------------------------
Timestamp: 1/17/2017 8:21:12 AM

Message: WorkerThread is shut down


----------------------------------------
----------------------------------------
Timestamp: 1/17/2017 8:21:12 AM

Message: WorkerThread is shut down


----------------------------------------
----------------------------------------
Timestamp: 1/17/2017 8:21:12 AM

Message: Background task scheduler shut down


----------------------------------------
----------------------------------------
Timestamp: 1/17/2017 8:21:12 AM

Message: WorkerThread is shut down


----------------------------------------
----------------------------------------
Timestamp: 1/17/2017 8:21:12 AM

Message: WorkerThread is shut down


----------------------------------------
----------------------------------------
Timestamp: 1/17/2017 8:21:41 AM

Message: Shutting down threadpool...


----------------------------------------
----------------------------------------
Timestamp: 1/17/2017 8:21:41 AM

Message: Thread pool 'BackgroundTasksService': Shutdown of thread pool completed. Threads aborted.


----------------------------------------
----------------------------------------
Timestamp: 1/17/2017 8:30:24 AM

Message: Shutting down threadpool...


----------------------------------------
----------------------------------------
Timestamp: 1/17/2017 8:30:24 AM

Message: Thread pool 'BackgroundTasksService': Shutdown of thread pool completed. All currently running threads will finish their work and stop.


----------------------------------------
----------------------------------------
Timestamp: 1/17/2017 8:30:24 AM

Message: WorkerThread is shut down


----------------------------------------
----------------------------------------
Timestamp: 1/17/2017 8:30:24 AM

Message: WorkerThread is shut down


----------------------------------------
----------------------------------------
Timestamp: 1/17/2017 8:30:24 AM

Message: WorkerThread is shut down


----------------------------------------
----------------------------------------
Timestamp: 1/17/2017 8:30:24 AM

Message: Background task scheduler shut down


----------------------------------------
----------------------------------------
Timestamp: 1/17/2017 8:30:24 AM

Message: WorkerThread is shut down


----------------------------------------
----------------------------------------
Timestamp: 1/17/2017 8:30:54 AM

Message: Shutting down threadpool...


----------------------------------------
----------------------------------------
Timestamp: 1/17/2017 8:30:54 AM

Message: Thread pool 'BackgroundTasksService': Shutdown of thread pool completed. Threads aborted.


----------------------------------------
----------------------------------------
Timestamp: 1/17/2017 9:10:59 AM

Message: Error while executing the Task: Value cannot be null.
Parameter name: input, StackTrace:    at System.Guid.Parse(String input)
   at Telerik.Sitefinity.Services.Statistics.ReconcilerTask.ReconcileUserData()
   at Telerik.Sitefinity.Services.SystemManager.RunWithElevatedPrivilege(RunWithElevatedPrivilegeDelegate delegateToRun, Object[] parameters, String urlRequest)
   at Telerik.Sitefinity.Services.Statistics.ReconcilerTask.Run(IBackgroundTaskContext context)
   at Telerik.Sitefinity.BackgroundTasks.WorkerThread.Run(IBackgroundTaskContext context)


----------------------------------------
----------------------------------------
Timestamp: 1/17/2017 9:49:27 AM

Message: Shutting down threadpool...


----------------------------------------
----------------------------------------
Timestamp: 1/17/2017 9:49:27 AM

Message: Thread pool 'BackgroundTasksService': Shutdown of thread pool completed. All currently running threads will finish their work and stop.


----------------------------------------
----------------------------------------
Timestamp: 1/17/2017 9:49:27 AM

Message: WorkerThread is shut down


----------------------------------------
----------------------------------------
Timestamp: 1/17/2017 9:49:27 AM

Message: WorkerThread is shut down


----------------------------------------
----------------------------------------
Timestamp: 1/17/2017 9:49:27 AM

Message: Background task scheduler shut down


----------------------------------------
----------------------------------------
Timestamp: 1/17/2017 9:49:27 AM

Message: WorkerThread is shut down


----------------------------------------
----------------------------------------
Timestamp: 1/17/2017 9:49:28 AM

Message: WorkerThread is shut down


----------------------------------------
----------------------------------------
Timestamp: 1/17/2017 9:49:57 AM

Message: Shutting down threadpool...


----------------------------------------
----------------------------------------
Timestamp: 1/17/2017 9:49:57 AM

Message: Thread pool 'BackgroundTasksService': Shutdown of thread pool completed. Threads aborted.


----------------------------------------
----------------------------------------
Timestamp: 1/17/2017 10:06:07 AM

Message: Shutting down threadpool...


----------------------------------------
----------------------------------------
Timestamp: 1/17/2017 10:06:07 AM

Message: Thread pool 'BackgroundTasksService': Shutdown of thread pool completed. All currently running threads will finish their work and stop.


----------------------------------------
----------------------------------------
Timestamp: 1/17/2017 10:06:07 AM

Message: Background task scheduler shut down


----------------------------------------
----------------------------------------
Timestamp: 1/17/2017 10:06:07 AM

Message: WorkerThread is shut down


----------------------------------------
----------------------------------------
Timestamp: 1/17/2017 10:06:07 AM

Message: WorkerThread is shut down


----------------------------------------
----------------------------------------
Timestamp: 1/17/2017 10:06:07 AM

Message: WorkerThread is shut down


----------------------------------------
----------------------------------------
Timestamp: 1/17/2017 10:06:07 AM

Message: WorkerThread is shut down


----------------------------------------
----------------------------------------
Timestamp: 1/17/2017 10:06:37 AM

Message: Shutting down threadpool...


----------------------------------------
----------------------------------------
Timestamp: 1/17/2017 10:06:37 AM

Message: Thread pool 'BackgroundTasksService': Shutdown of thread pool completed. Threads aborted.


----------------------------------------
----------------------------------------
Timestamp: 1/17/2017 10:19:01 AM

Message: Operation: 'ModelReset'. Parameters: 'notify:True'. Reason: 'MetaDataChange|InvalidatedModules:Telerik.Sitefinity.DynamicModules.Builder.Data.OpenAccessModuleBuilderDataProvider;Telerik.Sitefinity.DynamicModules.Data.OpenAccessDynamicModuleProvider'. User: 'abhishekkhetani'. StackTrace: '
Telerik.Sitefinity.Data.OA.OpenAccessConnection: Void ResetModel(Telerik.Sitefinity.Services.OperationReason, Boolean)
Telerik.Sitefinity.Data.TransactionManager: Void CommitTransaction(System.String)
Telerik.Sitefinity.DynamicModules.Builder.ModuleBuilderHelper: Telerik.Sitefinity.DynamicModules.Builder.Data.ContentTypeContext SaveContentType(System.Guid, Telerik.Sitefinity.DynamicModules.Builder.Data.ContentTypeContext, System.String, Boolean)
Telerik.Sitefinity.DynamicModules.Builder.Web.Services.ContentTypeService: Telerik.Sitefinity.DynamicModules.Builder.Data.ContentTypeContext SaveContentTypeInternal(System.String, Telerik.Sitefinity.DynamicModules.Builder.Data.ContentTypeContext, System.String, Boolean)
unknown: System.Object SyncInvokeSaveContentType(System.Object, System.Object[], System.Object[])
System.ServiceModel.Dispatcher.SyncMethodInvoker: System.Object Invoke(System.Object, System.Object[], System.Object[] ByRef)
System.ServiceModel.Dispatcher.DispatchOperationRuntime: Void InvokeBegin(System.ServiceModel.Dispatcher.MessageRpc ByRef)
System.ServiceModel.Dispatcher.ImmutableDispatchRuntime: Void ProcessMessage5(System.ServiceModel.Dispatcher.MessageRpc ByRef)
System.ServiceModel.Dispatcher.ImmutableDispatchRuntime: Void ProcessMessage31(System.ServiceModel.Dispatcher.MessageRpc ByRef)
System.ServiceModel.Dispatcher.MessageRpc: Boolean Process(Boolean)
System.ServiceModel.Dispatcher.ChannelHandler: Boolean DispatchAndReleasePump(System.ServiceModel.Channels.RequestContext, Boolean, System.ServiceModel.OperationContext)
System.ServiceModel.Dispatcher.ChannelHandler: Boolean HandleRequest(System.ServiceModel.Channels.RequestContext, System.ServiceModel.OperationContext)
System.ServiceModel.Dispatcher.ChannelHandler: Void AsyncMessagePump(System.IAsyncResult)
System.Runtime.Fx+AsyncThunk: Void UnhandledExceptionFrame(System.IAsyncResult)
Telerik.Sitefinity.Utilities.MS.ServiceModel.Web.AsyncResult: Void Complete(Boolean)
Telerik.Sitefinity.Utilities.MS.ServiceModel.Web.RequestInterceptorReplyChannelBase`1+TryReceiveRequestAsyncResult: Void InnerTryReceiveCallback(System.IAsyncResult)
System.Runtime.AsyncResult: Void Complete(Boolean)
System.Runtime.InputQueue`1+AsyncQueueReader: Void Set(Item)
System.Runtime.InputQueue`1: Void EnqueueAndDispatch(Item, Boolean)
System.Runtime.InputQueue`1: Void EnqueueAndDispatch(T, System.Action, Boolean)
System.ServiceModel.Channels.SingletonChannelAcceptor`3: Void Enqueue(QueueItemType, System.Action, Boolean)
System.ServiceModel.Channels.HttpPipeline+EnqueueMessageAsyncResult: Void CompleteParseAndEnqueue(System.IAsyncResult)
System.ServiceModel.Channels.HttpPipeline+EnqueueMessageAsyncResult: Boolean HandleParseIncomingMessage(System.IAsyncResult)
System.Runtime.AsyncResult: Void AsyncCompletionWrapperCallback(System.IAsyncResult)
System.Runtime.Fx+AsyncThunk: Void UnhandledExceptionFrame(System.IAsyncResult)
System.Runtime.AsyncResult: Void Complete(Boolean)
System.ServiceModel.Channels.HttpInput+ParseMessageAsyncResult: Void OnRead(System.IAsyncResult)
System.Runtime.Fx+AsyncThunk: Void UnhandledExceptionFrame(System.IAsyncResult)
System.Threading.ExecutionContext: Void RunInternal(System.Threading.ExecutionContext, System.Threading.ContextCallback, System.Object, Boolean)
System.Threading.ExecutionContext: Void Run(System.Threading.ExecutionContext, System.Threading.ContextCallback, System.Object, Boolean)
System.IO.Stream+ReadWriteTask: Void System.Threading.Tasks.ITaskCompletionAction.Invoke(System.Threading.Tasks.Task)
System.Threading.Tasks.Task: Void FinishContinuations()
System.Threading.Tasks.Task: Void FinishStageTwo()
System.Threading.Tasks.Task: Void Finish(Boolean)
System.Threading.Tasks.Task: Void ExecuteWithThreadLocal(System.Threading.Tasks.Task ByRef)
System.Threading.Tasks.Task: Boolean ExecuteEntry(Boolean)
System.Threading.ThreadPoolWorkQueue: Boolean Dispatch()'.


----------------------------------------
----------------------------------------
Timestamp: 1/17/2017 11:46:46 AM

Message: Shutting down threadpool...


----------------------------------------
----------------------------------------
Timestamp: 1/17/2017 11:46:46 AM

Message: Thread pool 'BackgroundTasksService': Shutdown of thread pool completed. All currently running threads will finish their work and stop.


----------------------------------------
----------------------------------------
Timestamp: 1/17/2017 11:46:46 AM

Message: WorkerThread is shut down


----------------------------------------
----------------------------------------
Timestamp: 1/17/2017 11:46:46 AM

Message: WorkerThread is shut down


----------------------------------------
----------------------------------------
Timestamp: 1/17/2017 11:46:46 AM

Message: Background task scheduler shut down


----------------------------------------
----------------------------------------
Timestamp: 1/17/2017 11:46:46 AM

Message: WorkerThread is shut down


----------------------------------------
----------------------------------------
Timestamp: 1/17/2017 11:46:46 AM

Message: WorkerThread is shut down


----------------------------------------
----------------------------------------
Timestamp: 1/17/2017 11:47:16 AM

Message: Shutting down threadpool...


----------------------------------------
----------------------------------------
Timestamp: 1/17/2017 11:47:16 AM

Message: Thread pool 'BackgroundTasksService': Shutdown of thread pool completed. Threads aborted.


----------------------------------------
----------------------------------------
Timestamp: 1/17/2017 11:59:50 AM

Message: Shutting down threadpool...


----------------------------------------
----------------------------------------
Timestamp: 1/17/2017 11:59:50 AM

Message: Thread pool 'BackgroundTasksService': Shutdown of thread pool completed. All currently running threads will finish their work and stop.


----------------------------------------
----------------------------------------
Timestamp: 1/17/2017 11:59:51 AM

Message: WorkerThread is shut down


----------------------------------------
----------------------------------------
Timestamp: 1/17/2017 11:59:51 AM

Message: WorkerThread is shut down


----------------------------------------
----------------------------------------
Timestamp: 1/17/2017 11:59:51 AM

Message: WorkerThread is shut down


----------------------------------------
----------------------------------------
Timestamp: 1/17/2017 11:59:51 AM

Message: Background task scheduler shut down


----------------------------------------
----------------------------------------
Timestamp: 1/17/2017 11:59:51 AM

Message: WorkerThread is shut down


----------------------------------------
----------------------------------------
Timestamp: 1/17/2017 12:00:20 PM

Message: Shutting down threadpool...


----------------------------------------
----------------------------------------
Timestamp: 1/17/2017 12:00:20 PM

Message: Thread pool 'BackgroundTasksService': Shutdown of thread pool completed. Threads aborted.


----------------------------------------
----------------------------------------
Timestamp: 1/17/2017 12:26:38 PM

Message: Shutting down threadpool...


----------------------------------------
----------------------------------------
Timestamp: 1/17/2017 12:26:38 PM

Message: Thread pool 'BackgroundTasksService': Shutdown of thread pool completed. All currently running threads will finish their work and stop.


----------------------------------------
----------------------------------------
Timestamp: 1/17/2017 12:26:38 PM

Message: Background task scheduler shut down


----------------------------------------
----------------------------------------
Timestamp: 1/17/2017 12:26:38 PM

Message: WorkerThread is shut down


----------------------------------------
----------------------------------------
Timestamp: 1/17/2017 12:26:38 PM

Message: WorkerThread is shut down


----------------------------------------
----------------------------------------
Timestamp: 1/17/2017 12:26:38 PM

Message: WorkerThread is shut down


----------------------------------------
----------------------------------------
Timestamp: 1/17/2017 12:26:38 PM

Message: WorkerThread is shut down


----------------------------------------
----------------------------------------
Timestamp: 1/17/2017 12:27:08 PM

Message: Shutting down threadpool...


----------------------------------------
----------------------------------------
Timestamp: 1/17/2017 12:27:08 PM

Message: Thread pool 'BackgroundTasksService': Shutdown of thread pool completed. Threads aborted.


----------------------------------------
----------------------------------------
Timestamp: 1/17/2017 1:00:14 PM

Message: Background task scheduler shut down


----------------------------------------
----------------------------------------
Timestamp: 1/17/2017 1:00:14 PM

Message: Shutting down threadpool...


----------------------------------------
----------------------------------------
Timestamp: 1/17/2017 1:00:14 PM

Message: Thread pool 'BackgroundTasksService': Shutdown of thread pool completed. All currently running threads will finish their work and stop.


----------------------------------------
----------------------------------------
Timestamp: 1/17/2017 1:00:14 PM

Message: WorkerThread is shut down


----------------------------------------
----------------------------------------
Timestamp: 1/17/2017 1:00:14 PM

Message: WorkerThread is shut down


----------------------------------------
----------------------------------------
Timestamp: 1/17/2017 1:00:14 PM

Message: WorkerThread is shut down


----------------------------------------
----------------------------------------
Timestamp: 1/17/2017 1:00:14 PM

Message: WorkerThread is shut down


----------------------------------------
----------------------------------------
Timestamp: 1/17/2017 1:00:44 PM

Message: Shutting down threadpool...


----------------------------------------
----------------------------------------
Timestamp: 1/17/2017 1:00:44 PM

Message: Thread pool 'BackgroundTasksService': Shutdown of thread pool completed. Threads aborted.


----------------------------------------
----------------------------------------
Timestamp: 1/18/2017 5:11:33 AM

Message: Shutting down threadpool...


----------------------------------------
----------------------------------------
Timestamp: 1/18/2017 5:11:33 AM

Message: Thread pool 'BackgroundTasksService': Shutdown of thread pool completed. All currently running threads will finish their work and stop.


----------------------------------------
----------------------------------------
Timestamp: 1/18/2017 5:11:33 AM

Message: WorkerThread is shut down


----------------------------------------
----------------------------------------
Timestamp: 1/18/2017 5:11:33 AM

Message: WorkerThread is shut down


----------------------------------------
----------------------------------------
Timestamp: 1/18/2017 5:11:33 AM

Message: WorkerThread is shut down


----------------------------------------
----------------------------------------
Timestamp: 1/18/2017 5:11:33 AM

Message: Background task scheduler shut down


----------------------------------------
----------------------------------------
Timestamp: 1/18/2017 5:11:33 AM

Message: WorkerThread is shut down


----------------------------------------
----------------------------------------
Timestamp: 1/18/2017 5:12:03 AM

Message: Shutting down threadpool...


----------------------------------------
----------------------------------------
Timestamp: 1/18/2017 5:12:03 AM

Message: Thread pool 'BackgroundTasksService': Shutdown of thread pool completed. Threads aborted.


----------------------------------------
----------------------------------------
Timestamp: 1/18/2017 5:18:11 AM

Message: Shutting down threadpool...


----------------------------------------
----------------------------------------
Timestamp: 1/18/2017 5:18:11 AM

Message: Thread pool 'BackgroundTasksService': Shutdown of thread pool completed. All currently running threads will finish their work and stop.


----------------------------------------
----------------------------------------
Timestamp: 1/18/2017 5:18:12 AM

Message: WorkerThread is shut down


----------------------------------------
----------------------------------------
Timestamp: 1/18/2017 5:18:12 AM

Message: WorkerThread is shut down


----------------------------------------
----------------------------------------
Timestamp: 1/18/2017 5:18:12 AM

Message: Background task scheduler shut down


----------------------------------------
----------------------------------------
Timestamp: 1/18/2017 5:18:12 AM

Message: WorkerThread is shut down


----------------------------------------
----------------------------------------
Timestamp: 1/18/2017 5:18:12 AM

Message: WorkerThread is shut down


----------------------------------------
----------------------------------------
Timestamp: 1/18/2017 5:18:41 AM

Message: Shutting down threadpool...


----------------------------------------
----------------------------------------
Timestamp: 1/18/2017 5:18:41 AM

Message: Thread pool 'BackgroundTasksService': Shutdown of thread pool completed. Threads aborted.


----------------------------------------
----------------------------------------
Timestamp: 1/18/2017 5:25:53 AM

Message: Error while executing the Task: Value cannot be null.
Parameter name: input, StackTrace:    at System.Guid.Parse(String input)
   at Telerik.Sitefinity.Services.Statistics.ReconcilerTask.ReconcileUserData()
   at Telerik.Sitefinity.Services.Statistics.ReconcilerTask.<Run>b__0(Object[] p)
   at Telerik.Sitefinity.Services.SystemManager.RunWithElevatedPrivilege(RunWithElevatedPrivilegeDelegate delegateToRun, Object[] parameters, String urlRequest)
   at Telerik.Sitefinity.Services.SystemManager.RunWithElevatedPrivilege(RunWithElevatedPrivilegeDelegate delegateToRun, Object[] parameters)
   at Telerik.Sitefinity.Services.SystemManager.RunWithElevatedPrivilege(RunWithElevatedPrivilegeDelegate delegateToRun)
   at Telerik.Sitefinity.Services.Statistics.ReconcilerTask.Run(IBackgroundTaskContext context)
   at Telerik.Sitefinity.BackgroundTasks.WorkerThread.Run(IBackgroundTaskContext context)


----------------------------------------
----------------------------------------
Timestamp: 1/18/2017 5:44:45 AM

Message: Shutting down threadpool...


----------------------------------------
----------------------------------------
Timestamp: 1/18/2017 5:44:45 AM

Message: Thread pool 'BackgroundTasksService': Shutdown of thread pool completed. All currently running threads will finish their work and stop.


----------------------------------------
----------------------------------------
Timestamp: 1/18/2017 5:44:45 AM

Message: WorkerThread is shut down


----------------------------------------
----------------------------------------
Timestamp: 1/18/2017 5:44:45 AM

Message: WorkerThread is shut down


----------------------------------------
----------------------------------------
Timestamp: 1/18/2017 5:44:45 AM

Message: WorkerThread is shut down


----------------------------------------
----------------------------------------
Timestamp: 1/18/2017 5:44:45 AM

Message: Background task scheduler shut down


----------------------------------------
----------------------------------------
Timestamp: 1/18/2017 5:44:45 AM

Message: WorkerThread is shut down


----------------------------------------
----------------------------------------
Timestamp: 1/18/2017 5:45:15 AM

Message: Shutting down threadpool...


----------------------------------------
----------------------------------------
Timestamp: 1/18/2017 5:45:15 AM

Message: Thread pool 'BackgroundTasksService': Shutdown of thread pool completed. Threads aborted.


----------------------------------------
