----------------------------------------
Timestamp: 1/27/2017 8:35:00 AM

Message: Db Migration Complexity: Complex


----------------------------------------
----------------------------------------
Timestamp: 1/27/2017 8:35:00 AM

Message: Adding a foreign key constraint(s) to a new table(s), the create table statement(s) is included as well.


----------------------------------------
----------------------------------------
Timestamp: 1/27/2017 8:35:00 AM

Message: Adding a new table(s).


----------------------------------------
----------------------------------------
Timestamp: 1/27/2017 8:35:00 AM

Message: Modifying a column(s) on an existing table(s).


----------------------------------------
----------------------------------------
Timestamp: 1/27/2017 8:35:01 AM

Message: -- Telerik.Sitefinity.DynamicTypes.Model.sf_contact
CREATE TABLE [sf_contact] (
    [id] uniqueidentifier NOT NULL,
    [text_field_controller_0] NVARCHAR(255) NULL, -- sf_contact.TextFieldController_0
    [text_field_controller] NVARCHAR(255) NULL, -- sf_contact.TextFieldController
    CONSTRAINT [pk_sf_contact] PRIMARY KEY ([id])
)


----------------------------------------
----------------------------------------
Timestamp: 1/27/2017 8:35:01 AM

Message: -- Column was read from database as: [voa_class] int null
-- modify column for field <internal-class-id>
UPDATE [sf_form_entry]
   SET [voa_class] = 0 -- Add your own default value here, for when [voa_class] is null.
 WHERE [voa_class] IS NULL


----------------------------------------
----------------------------------------
Timestamp: 1/27/2017 8:35:01 AM

Message: ALTER TABLE [sf_form_entry] ALTER COLUMN [voa_class] int NOT NULL


----------------------------------------
----------------------------------------
Timestamp: 1/27/2017 8:35:01 AM

Message: ALTER TABLE [sf_contact] ADD CONSTRAINT [ref_sf_contact_sf_form_entry] FOREIGN KEY ([id]) REFERENCES [sf_form_entry]([id]) ON DELETE CASCADE


----------------------------------------
----------------------------------------
Timestamp: 1/27/2017 8:51:56 AM

Message: Db Migration Complexity: Extending


----------------------------------------
----------------------------------------
Timestamp: 1/27/2017 8:51:56 AM

Message: Adding a column(s) on an existing table(s).


----------------------------------------
----------------------------------------
Timestamp: 1/27/2017 8:51:56 AM

Message: -- add column for field sf_contact.TextFieldController_3
ALTER TABLE [sf_contact] ADD [text_field_controller_3] NVARCHAR(255) NULL


----------------------------------------
----------------------------------------
Timestamp: 1/27/2017 8:51:56 AM

Message: -- add column for field sf_contact.TextFieldController_2
ALTER TABLE [sf_contact] ADD [text_field_controller_2] NVARCHAR(255) NULL


----------------------------------------
----------------------------------------
Timestamp: 1/27/2017 8:51:56 AM

Message: -- add column for field sf_contact.TextFieldController_1
ALTER TABLE [sf_contact] ADD [text_field_controller_1] NVARCHAR(255) NULL


----------------------------------------
----------------------------------------
Timestamp: 1/27/2017 8:51:56 AM

Message: -- add column for field sf_contact.ParagraphTextFieldController
ALTER TABLE [sf_contact] ADD [pragraph_text_field_controller] NVARCHAR(MAX) NULL


----------------------------------------
