----------------------------------------
Timestamp: 1/24/2017 8:38:44 AM

Message: Db Migration Complexity: Trivial


----------------------------------------
----------------------------------------
Timestamp: 1/24/2017 8:38:44 AM

Message: Adding a foreign key constraint(s) to a new table(s), the create table statement(s) is included as well.


----------------------------------------
----------------------------------------
Timestamp: 1/24/2017 8:38:44 AM

Message: Adding a new table(s).


----------------------------------------
----------------------------------------
Timestamp: 1/24/2017 8:38:44 AM

Message: -- Telerik.Sitefinity.Publishing.Model.Dynamic_af7c9d42579867978b2aff00001bc13f
CREATE TABLE [dynmc_f7c9d42579867978b2ff0000] (
    [id] uniqueidentifier NOT NULL,
    [username] NVARCHAR(255) NULL,          -- Dynamic_af7c9d42579867978b2aff00001bc13f.Username
    [title] NVARCHAR(255) NULL,             -- Dynamic_af7c9d42579867978b2aff00001bc13f.Title
    [summary] NVARCHAR(255) NULL,           -- Dynamic_af7c9d42579867978b2aff00001bc13f.Summary
    [publication_date] DATETIME NULL,       -- Dynamic_af7c9d42579867978b2aff00001bc13f.PublicationDate
    [owner_last_name] NVARCHAR(255) NULL,   -- Dynamic_af7c9d42579867978b2aff00001bc13f.OwnerLastName
    [owner_first_name] NVARCHAR(255) NULL,  -- Dynamic_af7c9d42579867978b2aff00001bc13f.OwnerFirstName
    [owner_email] NVARCHAR(255) NULL,       -- Dynamic_af7c9d42579867978b2aff00001bc13f.OwnerEmail
    [lnk] NVARCHAR(255) NULL,               -- Dynamic_af7c9d42579867978b2aff00001bc13f.Link
    [item_hash] NVARCHAR(255) NULL,         -- Dynamic_af7c9d42579867978b2aff00001bc13f.ItemHash
    [expiration_date] DATETIME NULL,        -- Dynamic_af7c9d42579867978b2aff00001bc13f.ExpirationDate
    [content] NVARCHAR(MAX) NULL,           -- Dynamic_af7c9d42579867978b2aff00001bc13f.Content
    [categories] NVARCHAR(255) NULL,        -- Dynamic_af7c9d42579867978b2aff00001bc13f.Categories
    CONSTRAINT [pk_dynmc_f7c9d4257986_30E81D8F] PRIMARY KEY ([id])
)


----------------------------------------
----------------------------------------
Timestamp: 1/24/2017 8:38:44 AM

Message: ALTER TABLE [dynmc_f7c9d42579867978b2ff0000] ADD CONSTRAINT [ref_dynmc_f7c9d425798_D5460EFC] FOREIGN KEY ([id]) REFERENCES [sf_dynamic_type_base]([id]) ON DELETE CASCADE


----------------------------------------
----------------------------------------
Timestamp: 1/25/2017 8:28:02 AM

Message: Db Migration Complexity: Trivial


----------------------------------------
----------------------------------------
Timestamp: 1/25/2017 8:28:02 AM

Message: Adding a foreign key constraint(s) to a new table(s), the create table statement(s) is included as well.


----------------------------------------
----------------------------------------
Timestamp: 1/25/2017 8:28:02 AM

Message: Adding a new table(s).


----------------------------------------
----------------------------------------
Timestamp: 1/25/2017 8:28:02 AM

Message: -- Telerik.Sitefinity.Publishing.Model.Dynamic_2b869d42579867978b2aff00001bc13f
CREATE TABLE [dynmc_2b869d42579867978b2ff000] (
    [id] uniqueidentifier NOT NULL,
    [username] NVARCHAR(255) NULL,          -- Dynamic_2b869d42579867978b2aff00001bc13f.Username
    [user_avatar] NVARCHAR(255) NULL,       -- Dynamic_2b869d42579867978b2aff00001bc13f.UserAvatar
    [title] NVARCHAR(255) NULL,             -- Dynamic_2b869d42579867978b2aff00001bc13f.Title
    [summary] NVARCHAR(MAX) NULL,           -- Dynamic_2b869d42579867978b2aff00001bc13f.Summary
    [publication_date] DATETIME NULL,       -- Dynamic_2b869d42579867978b2aff00001bc13f.PublicationDate
    [pipe_id] NVARCHAR(255) NULL,           -- Dynamic_2b869d42579867978b2aff00001bc13f.PipeId
    [owner_last_name] NVARCHAR(255) NULL,   -- Dynamic_2b869d42579867978b2aff00001bc13f.OwnerLastName
    [owner_first_name] NVARCHAR(255) NULL,  -- Dynamic_2b869d42579867978b2aff00001bc13f.OwnerFirstName
    [owner_email] NVARCHAR(255) NULL,       -- Dynamic_2b869d42579867978b2aff00001bc13f.OwnerEmail
    [lnk] NVARCHAR(255) NULL,               -- Dynamic_2b869d42579867978b2aff00001bc13f.Link
    [lang_id] NVARCHAR(255) NULL,           -- Dynamic_2b869d42579867978b2aff00001bc13f.LangId
    [item_hash] NVARCHAR(255) NULL,         -- Dynamic_2b869d42579867978b2aff00001bc13f.ItemHash
    [expiration_date] DATETIME NULL,        -- Dynamic_2b869d42579867978b2aff00001bc13f.ExpirationDate
    [content_type] NVARCHAR(255) NULL,      -- Dynamic_2b869d42579867978b2aff00001bc13f.ContentType
    [content] NVARCHAR(MAX) NULL,           -- Dynamic_2b869d42579867978b2aff00001bc13f.Content
    CONSTRAINT [pk_dynmc_2b869d425798_B841F104] PRIMARY KEY ([id])
)


----------------------------------------
----------------------------------------
Timestamp: 1/25/2017 8:28:02 AM

Message: ALTER TABLE [dynmc_2b869d42579867978b2ff000] ADD CONSTRAINT [ref_dynmc_2b869d42579_F536EE04] FOREIGN KEY ([id]) REFERENCES [sf_dynamic_type_base]([id]) ON DELETE CASCADE


----------------------------------------
